#
# A fatal error has been detected by the Java Runtime Environment:
#
#  SIGSEGV (0xb) at pc=0x000000010ba5299d, pid=43532, tid=25607
#
# JRE version: OpenJDK Runtime Environment Temurin-17.0.3+7 (17.0.3+7) (build 17.0.3+7)
# Java VM: OpenJDK 64-Bit Server VM Temurin-17.0.3+7 (17.0.3+7, mixed mode, tiered, compressed oops, compressed class ptrs, g1 gc, bsd-amd64)
# Problematic frame:
# V  [libjvm.dylib+0xa5299d]  _ZNK6Symbol11as_C_stringEv+0xd
#
# No core dump will be written. Core dumps have been disabled. To enable core dumping, try "ulimit -c unlimited" before starting Java again
#
# If you would like to submit a bug report, please visit:
#   https://github.com/adoptium/adoptium-support/issues
#

---------------  S U M M A R Y ------------

Command Line: -XX:+ShowCodeDetailsInExceptionMessages -agentlib:jdwp=transport=dt_socket,suspend=y,address=localhost:53281 --module-path=~/Libraries/javafx-sdk-18.0.2/ --add-modules=javafx.controls,javafx.fxml -javaagent:/Applications/Eclipse.app/Contents/Eclipse/configuration/org.eclipse.osgi/399/0/.cp/lib/javaagent-shaded.jar -Dfile.encoding=UTF-8 --module-path=/Users/anissa/Libraries/javafx-sdk-18.0.2/lib/javafx-swt.jar:/Users/anissa/Libraries/javafx-sdk-18.0.2/lib/javafx.base.jar:/Users/anissa/Libraries/javafx-sdk-18.0.2/lib/javafx.controls.jar:/Users/anissa/Libraries/javafx-sdk-18.0.2/lib/javafx.fxml.jar:/Users/anissa/Libraries/javafx-sdk-18.0.2/lib/javafx.graphics.jar:/Users/anissa/Libraries/javafx-sdk-18.0.2/lib/javafx.media.jar:/Users/anissa/Libraries/javafx-sdk-18.0.2/lib/javafx.swing.jar:/Users/anissa/Libraries/javafx-sdk-18.0.2/lib/javafx.web.jar:/Applications/Eclipse.app/Contents/Eclipse/plugins/org.eclipse.fx.ide.css.jfx8_3.8.0.202204150904.jar App cellophane

Host: "MacBookAir8,1" x86_64 1600 MHz, 4 cores, 8G, Darwin 20.6.0, macOS 10.16 (20G630)
Time: Sun Aug 28 16:26:59 2022 PDT elapsed time: 38.930329 seconds (0d 0h 0m 38s)

---------------  T H R E A D  ---------------

Current thread (0x00007fa40405c000):  JavaThread "JDWP Transport Listener: dt_socket" daemon [_thread_in_vm, id=25607, stack(0x0000700009039000,0x0000700009139000)]

Stack: [0x0000700009039000,0x0000700009139000],  sp=0x0000700009138ab0,  free space=1022k
Native frames: (J=compiled Java code, j=interpreted, Vv=VM code, C=native code)
V  [libjvm.dylib+0xa5299d]  _ZNK6Symbol11as_C_stringEv+0xd
V  [libjvm.dylib+0x6cc232]  _ZN8JvmtiEnv17GetClassSignatureEP7oopDescPPcS3_+0x152
V  [libjvm.dylib+0x68a544]  _ZL23jvmti_GetClassSignatureP9_jvmtiEnvP7_jclassPPcS4_+0x154
C  [libjdwp.dylib+0x2b75a]  classSignature+0x7a
C  [libjdwp.dylib+0x6163]  signatureWithGeneric+0x53
C  [libjdwp.dylib+0x11439]  debugLoop_run+0x1f9
C  [libjdwp.dylib+0x25ee6]  attachThread+0x76
V  [libjvm.dylib+0x6e5871]  _ZN16JvmtiAgentThread19call_start_functionEv+0x81
V  [libjvm.dylib+0xaa2095]  _ZN10JavaThread17thread_main_innerEv+0x145
V  [libjvm.dylib+0xaa044a]  _ZN6Thread8call_runEv+0x11a
V  [libjvm.dylib+0x8acd9b]  _ZL19thread_native_entryP6Thread+0x14b
C  [libsystem_pthread.dylib+0x68fc]  _pthread_start+0xe0
C  [libsystem_pthread.dylib+0x2443]  thread_start+0xf


siginfo: si_signo: 11 (SIGSEGV), si_code: 1 (SEGV_MAPERR), si_addr: 0x00000000006d0032

Register to memory mapping:

RAX=0x000000012e125598 is pointing into metadata
RBX=0x00000000006d002e is an unknown value
RCX=0x000000000000006c is an unknown value
RDX=0x0000000000000010 is an unknown value
RSP=0x0000700009138ab0 is pointing into the stack for thread: 0x00007fa40405c000
RBP=0x0000700009138ad0 is pointing into the stack for thread: 0x00007fa40405c000
RSI=0x00007fa40273fca0 points into unknown readable memory: 0x746e49726573754c | 4c 75 73 65 72 49 6e 74
RDI=0x00000000006d002e is an unknown value
R8 =0x000000000000c7d0 is an unknown value
R9 =0x000000000000c7d1 is an unknown value
R10=0x00000000fffeffff is an unknown value
R11=0x000000000398c0d0 is an unknown value
R12=0x00007fa402751ff0 points into unknown readable memory: 0x0000000200000002 | 02 00 00 00 02 00 00 00
R13=0x00007fa402740058 points into unknown readable memory: 0x0000000000000000 | 00 00 00 00 00 00 00 00
R14=0x00000008001d27b0 is a pointer to class: 
userInterface.UserInterface$4 {0x00000008001d27b0}
 - instance size:     2
 - klass size:        71
 - access:            synchronized 
 - state:             fully_initialized
 - name:              'userInterface/UserInterface$4'
 - super:             'java/lang/Object'
 - sub:               
 - arrays:            NULL
 - methods:           Array<T>(0x000000012e124908)
 - method ordering:   Array<T>(0x000000012e124c00)
 - default_methods:   Array<T>(0x0000000000000000)
 - local interfaces:  Array<T>(0x00000001176b10c8)
 - trans. interfaces: Array<T>(0x00000001176b13e0)
 - constants:         constant pool [131] {0x000000012e125598} for 'userInterface/UserInterface$4' cache=0x000000012e125a60
 - class loader data:  loader data: 0x00007fa40264b510 for instance a 'jdk/internal/loader/ClassLoaders$AppClassLoader'{0x000000078001ba30}
 - source file:       'UserInterface.java'
 - source debug extension:       SMAP
UserInterface.java
Java
*S jdt
*F
1 UserInterface.java
2 file:/Users/anissa/eclipse-workspaces/text-edit/TextEditor/bin/
*L
*E

 - class annotations:       Array<T>(0x0000000000000000)
 - class type annotations:  Array<T>(0x0000000000000000)
 - field annotations:       Array<T>(0x0000000000000000)
 - field type annotations:  Array<T>(0x0000000000000000)
 - previous version:  constant pool [131] {0x00000001176b0c00} for 'userInterface/UserInterface$4' (extra) cache=0x00000001176b1408
 - generic signature: '
[error occurred during error reporting (printing register info), id 0xb, SIGSEGV (0xb) at pc=0x000000010ba53db2]

Registers:
RAX=0x000000012e125598, RBX=0x00000000006d002e, RCX=0x000000000000006c, RDX=0x0000000000000010
RSP=0x0000700009138ab0, RBP=0x0000700009138ad0, RSI=0x00007fa40273fca0, RDI=0x00000000006d002e
R8 =0x000000000000c7d0, R9 =0x000000000000c7d1, R10=0x00000000fffeffff, R11=0x000000000398c0d0
R12=0x00007fa402751ff0, R13=0x00007fa402740058, R14=0x00000008001d27b0, R15=0x0000000000000000
RIP=0x000000010ba5299d, EFLAGS=0x0000000000010206, ERR=0x0000000000000004
  TRAPNO=0x000000000000000e

Top of Stack: (sp=0x0000700009138ab0)
0x0000700009138ab0:   000000012e125598 00007fa4060cbd70
0x0000700009138ac0:   00000008001d27b0 0000000000000000
0x0000700009138ad0:   0000700009138b40 000000010b6cc232
0x0000700009138ae0:   00007fa40273fc70 00007fa40273fc80
0x0000700009138af0:   00000000000003d8 0000700009138bb8
0x0000700009138b00:   0000700009138c00 00007fa4025064d0
0x0000700009138b10:   00007fa402740058 0000700009138bb8
0x0000700009138b20:   00007fa4025064d0 00007fa40405c000
0x0000700009138b30:   0000000785e17008 0000000000000015
0x0000700009138b40:   0000700009138ba0 000000010b68a544
0x0000700009138b50:   00007fa40405c000 0000000000000000
0x0000700009138b60:   0000700000000000 0000000000000000
0x0000700009138b70:   0000700009138c00 0000700009138c30
0x0000700009138b80:   0000700009138bf8 00007fa406a0d320
0x0000700009138b90:   0000700009138c00 00007fa40609a368
0x0000700009138ba0:   0000700009138be0 0000000108f5875a
0x0000700009138bb0:   0000700009138be0 00007fa4060cbd70
0x0000700009138bc0:   0000700009138c30 0000000108f634d8
0x0000700009138bd0:   0000700009138c88 00007fa40609a368
0x0000700009138be0:   0000700009138c20 0000000108f33163
0x0000700009138bf0:   000000000000032a 0000000000000000
0x0000700009138c00:   0000000000000000 0000000108f33110
0x0000700009138c10:   0000700009138c88 0000700009138c30
0x0000700009138c20:   0000700009138e40 0000000108f3e439
0x0000700009138c30:   00007fa406a0aef8 0000000000000000
0x0000700009138c40:   0000032a00000013 000000010b0d0200
0x0000700009138c50:   00007fa406a0aef0 00007fa4060cbd50
0x0000700009138c60:   0000000108f5be06 0000000108f5bfce
0x0000700009138c70:   0000032a00000013 000000010b0d0200
0x0000700009138c80:   00007fa406a0aef0 0000700009138cd8
0x0000700009138c90:   000000000000012c 0000700009138ca0
0x0000700009138ca0:   000000a000000000 0000700009138cd8 

Instructions: (pc=0x000000010ba5299d)
0x000000010ba5289d:   c1 7c f0 eb 03 45 31 c0 42 c6 04 06 00 48 89 f0
0x000000010ba528ad:   5d c3 4c 89 c1 48 83 e1 e0 48 8d 51 e0 48 89 d0
0x000000010ba528bd:   48 c1 e8 05 48 ff c0 41 89 c1 41 83 e1 03 48 83
0x000000010ba528cd:   fa 60 73 0c 31 c0 4d 85 c9 75 76 e9 9f 00 00 00
0x000000010ba528dd:   ba 01 00 00 00 48 29 c2 49 8d 54 11 ff 31 c0 0f
0x000000010ba528ed:   1f 40 00 0f 10 44 07 06 0f 10 4c 07 16 0f 11 04
0x000000010ba528fd:   06 0f 11 4c 06 10 0f 10 44 07 26 0f 10 4c 07 36
0x000000010ba5290d:   0f 11 44 06 20 0f 11 4c 06 30 0f 10 44 07 46 0f
0x000000010ba5291d:   10 4c 07 56 0f 11 44 06 40 0f 11 4c 06 50 0f 10
0x000000010ba5292d:   44 07 66 0f 10 4c 07 76 0f 11 44 06 60 0f 11 4c
0x000000010ba5293d:   06 70 48 83 e8 80 48 83 c2 04 75 a7 4d 85 c9 74
0x000000010ba5294d:   2e 49 f7 d9 66 2e 0f 1f 84 00 00 00 00 00 0f 1f
0x000000010ba5295d:   44 00 00 0f 10 44 07 06 0f 10 4c 07 16 0f 11 04
0x000000010ba5296d:   06 0f 11 4c 06 10 48 83 c0 20 49 ff c1 75 e4 4c
0x000000010ba5297d:   39 c1 0f 85 0b ff ff ff e9 1b ff ff ff 66 0f 1f
0x000000010ba5298d:   44 00 00 55 48 89 e5 41 57 41 56 53 50 48 89 fb
0x000000010ba5299d:   44 0f b7 7f 04 49 8d 7f 01 45 31 f6 31 f6 e8 40
0x000000010ba529ad:   f8 ed ff 0f b7 4b 04 41 39 cf 41 0f 42 cf 85 c9
0x000000010ba529bd:   0f 8e 3d 01 00 00 41 89 ce 83 f9 01 41 b8 01 00
0x000000010ba529cd:   00 00 4d 0f 47 c6 49 83 f8 20 73 07 31 d2 e9 10
0x000000010ba529dd:   01 00 00 49 83 fe 01 b9 01 00 00 00 49 0f 47 ce
0x000000010ba529ed:   48 8d 54 0b 06 48 39 d0 73 16 48 89 c2 48 01 ca
0x000000010ba529fd:   48 8d 4b 06 48 39 d1 73 07 31 d2 e9 e3 00 00 00
0x000000010ba52a0d:   44 89 c2 83 e2 e0 48 8d 7a e0 48 89 f9 48 c1 e9
0x000000010ba52a1d:   05 48 ff c1 89 ce 83 e6 03 48 83 ff 60 73 0c 31
0x000000010ba52a2d:   ff 48 85 f6 75 7b e9 a4 00 00 00 bf 01 00 00 00
0x000000010ba52a3d:   48 29 cf 48 8d 4c 3e ff 31 ff 66 0f 1f 84 00 00
0x000000010ba52a4d:   00 00 00 0f 10 44 3b 06 0f 10 4c 3b 16 0f 11 04
0x000000010ba52a5d:   38 0f 11 4c 38 10 0f 10 44 3b 26 0f 10 4c 3b 36
0x000000010ba52a6d:   0f 11 44 38 20 0f 11 4c 38 30 0f 10 44 3b 46 0f
0x000000010ba52a7d:   10 4c 3b 56 0f 11 44 38 40 0f 11 4c 38 50 0f 10
0x000000010ba52a8d:   44 3b 66 0f 10 4c 3b 76 0f 11 44 38 60 0f 11 4c 


Stack slot to memory mapping:
stack at sp + 0 slots: 0x000000012e125598 is pointing into metadata
stack at sp + 1 slots: 0x00007fa4060cbd70 points into unknown readable memory: 0x746e49726573754c | 4c 75 73 65 72 49 6e 74
stack at sp + 2 slots: 0x00000008001d27b0 is a pointer to class: 
userInterface.UserInterface$4 {0x00000008001d27b0}
 - instance size:     2
 - klass size:        71
 - access:            synchronized 
 - state:             fully_initialized
 - name:              'userInterface/UserInterface$4'
 - super:             'java/lang/Object'
 - sub:               
 - arrays:            NULL
 - methods:           Array<T>(0x000000012e124908)
 - method ordering:   Array<T>(0x000000012e124c00)
 - default_methods:   Array<T>(0x0000000000000000)
 - local interfaces:  Array<T>(0x00000001176b10c8)
 - trans. interfaces: Array<T>(0x00000001176b13e0)
 - constants:         constant pool [131] {0x000000012e125598} for 'userInterface/UserInterface$4' cache=0x000000012e125a60
 - class loader data:  loader data: 0x00007fa40264b510 for instance a 'jdk/internal/loader/ClassLoaders$AppClassLoader'{0x000000078001ba30}
 - source file:       'UserInterface.java'
 - source debug extension:       SMAP
UserInterface.java
Java
*S jdt
*F
1 UserInterface.java
2 file:/Users/anissa/eclipse-workspaces/text-edit/TextEditor/bin/
*L
*E

 - class annotations:       Array<T>(0x0000000000000000)
 - class type annotations:  Array<T>(0x0000000000000000)
 - field annotations:       Array<T>(0x0000000000000000)
 - field type annotations:  Array<T>(0x0000000000000000)
 - previous version:  constant pool [131] {0x00000001176b0c00} for 'userInterface/UserInterface$4' (extra) cache=0x00000001176b1408
 - generic signature: '
[error occurred during error reporting (inspecting top of stack), id 0xb, SIGSEGV (0xb) at pc=0x000000010ba53db2]


---------------  P R O C E S S  ---------------

Threads class SMR info:
_java_thread_list=0x00007fa4026a5140, length=20, elements={
0x00007fa403008c00, 0x00007fa40400b600, 0x00007fa40400bc00, 0x00007fa40382fc00,
0x00007fa40304da00, 0x00007fa402808200, 0x00007fa40280b200, 0x00007fa402813800,
0x00007fa402813e00, 0x00007fa40304fc00, 0x00007fa40405c000, 0x00007fa404052a00,
0x00007fa404053000, 0x00007fa40384c400, 0x00007fa402819800, 0x00007fa402819e00,
0x00007fa402a4b000, 0x00007fa40385f200, 0x00007fa404229600, 0x00007fa403a62a00
}

Java Threads: ( => current thread )
  0x00007fa403008c00 JavaThread "main" [_thread_blocked, id=9987, stack(0x0000700007f03000,0x0000700008003000)]
  0x00007fa40400b600 JavaThread "Reference Handler" daemon [_thread_blocked, id=15363, stack(0x0000700008618000,0x0000700008718000)]
  0x00007fa40400bc00 JavaThread "Finalizer" daemon [_thread_blocked, id=15619, stack(0x000070000871b000,0x000070000881b000)]
  0x00007fa40382fc00 JavaThread "Signal Dispatcher" daemon [_thread_blocked, id=22787, stack(0x0000700008924000,0x0000700008a24000)]
  0x00007fa40304da00 JavaThread "Service Thread" daemon [_thread_blocked, id=42243, stack(0x0000700008a27000,0x0000700008b27000)]
  0x00007fa402808200 JavaThread "Monitor Deflation Thread" daemon [_thread_blocked, id=41987, stack(0x0000700008b2a000,0x0000700008c2a000)]
  0x00007fa40280b200 JavaThread "C2 CompilerThread0" daemon [_thread_blocked, id=23811, stack(0x0000700008c2d000,0x0000700008d2d000)]
  0x00007fa402813800 JavaThread "C1 CompilerThread0" daemon [_thread_blocked, id=24323, stack(0x0000700008d30000,0x0000700008e30000)]
  0x00007fa402813e00 JavaThread "Sweeper thread" daemon [_thread_blocked, id=24579, stack(0x0000700008e33000,0x0000700008f33000)]
  0x00007fa40304fc00 JavaThread "Common-Cleaner" daemon [_thread_blocked, id=25091, stack(0x0000700008f36000,0x0000700009036000)]
=>0x00007fa40405c000 JavaThread "JDWP Transport Listener: dt_socket" daemon [_thread_in_vm, id=25607, stack(0x0000700009039000,0x0000700009139000)]
  0x00007fa404052a00 JavaThread "JDWP Event Helper Thread" daemon [_thread_blocked, id=26115, stack(0x000070000913c000,0x000070000923c000)]
  0x00007fa404053000 JavaThread "JDWP Command Reader" daemon [_thread_in_native, id=41219, stack(0x000070000923f000,0x000070000933f000)]
  0x00007fa40384c400 JavaThread "Notification Thread" daemon [_thread_blocked, id=26371, stack(0x0000700009342000,0x0000700009442000)]
  0x00007fa402819800 JavaThread "JavaFX-Launcher" [_thread_blocked, id=26627, stack(0x0000700009548000,0x0000700009648000)]
  0x00007fa402819e00 JavaThread "QuantumRenderer-0" daemon [_thread_blocked, id=38915, stack(0x0000700009954000,0x0000700009a54000)]
  0x00007fa402a4b000 JavaThread "InvokeLaterDispatcher" daemon [_thread_blocked, id=34831, stack(0x0000700009a57000,0x0000700009b57000)]
  0x00007fa40385f200 JavaThread "JavaFX Application Thread" [_thread_blocked, id=259, stack(0x00007ffee6513000,0x00007ffee6d13000)]
  0x00007fa404229600 JavaThread "Prism Font Disposer" daemon [_thread_blocked, id=77363, stack(0x0000700009b5a000,0x0000700009c5a000)]
  0x00007fa403a62a00 JavaThread "PulseTimer-CVDisplayLink thread" daemon [_thread_in_native, id=53255, stack(0x0000700009eec000,0x0000700009f6c000)]

Other Threads:
  0x00007fa4024329e0 VMThread "VM Thread" [stack: 0x0000700008515000,0x0000700008615000] [id=17411]
  0x00007fa402666270 WatcherThread [stack: 0x0000700009445000,0x0000700009545000] [id=40451]
  0x00007fa4024196b0 GCTaskThread "GC Thread#0" [stack: 0x0000700008006000,0x0000700008106000] [id=19971]
  0x00007fa4024990a0 GCTaskThread "GC Thread#1" [stack: 0x000070000964b000,0x000070000974b000] [id=26883]
  0x00007fa402776b90 GCTaskThread "GC Thread#2" [stack: 0x000070000974e000,0x000070000984e000] [id=39683]
  0x00007fa402777820 GCTaskThread "GC Thread#3" [stack: 0x0000700009851000,0x0000700009951000] [id=39171]
  0x00007fa40241a510 ConcurrentGCThread "G1 Main Marker" [stack: 0x0000700008109000,0x0000700008209000] [id=12547]
  0x00007fa402607ce0 ConcurrentGCThread "G1 Conc#0" [stack: 0x000070000820c000,0x000070000830c000] [id=13315]
  0x00007fa40241ca90 ConcurrentGCThread "G1 Refine#0" [stack: 0x000070000830f000,0x000070000840f000] [id=13571]
  0x00007fa40241d7b0 ConcurrentGCThread "G1 Service" [stack: 0x0000700008412000,0x0000700008512000] [id=14083]

Threads with active compile tasks:

VM state: not at safepoint (normal execution)

VM Mutex/Monitor currently owned by a thread: None

Heap address: 0x0000000780000000, size: 2048 MB, Compressed Oops mode: Zero based, Oop shift amount: 3

CDS archive(s) not mapped
Compressed class space mapped at: 0x0000000800000000-0x0000000840000000, reserved size: 1073741824
Narrow klass base: 0x0000000800000000, Narrow klass shift: 0, Narrow klass range: 0x40000000

GC Precious Log:
 CPUs: 4 total, 4 available
 Memory: 8192M
 Large Page Support: Disabled
 NUMA Support: Disabled
 Compressed Oops: Enabled (Zero based)
 Heap Region Size: 1M
 Heap Min Capacity: 8M
 Heap Initial Capacity: 128M
 Heap Max Capacity: 2G
 Pre-touch: Disabled
 Parallel Workers: 4
 Concurrent Workers: 1
 Concurrent Refinement Workers: 4
 Periodic GC: Disabled

Heap:
 garbage-first heap   total 131072K, used 48659K [0x0000000780000000, 0x0000000800000000)
  region size 1024K, 47 young (48128K), 2 survivors (2048K)
 Metaspace       used 18803K, committed 19008K, reserved 1073152K
  class space    used 2076K, committed 2176K, reserved 1048576K

Heap Regions: E=young(eden), S=young(survivor), O=old, HS=humongous(starts), HC=humongous(continues), CS=collection set, F=free, OA=open archive, CA=closed archive, TAMS=top-at-mark-start (previous, next)
|   0|0x0000000780000000, 0x0000000780100000, 0x0000000780100000|100%| O|  |TAMS 0x0000000780000000, 0x0000000780000000| Untracked 
|   1|0x0000000780100000, 0x0000000780200000, 0x0000000780200000|100%| O|  |TAMS 0x0000000780100000, 0x0000000780100000| Untracked 
|   2|0x0000000780200000, 0x0000000780248a00, 0x0000000780300000| 28%| O|  |TAMS 0x0000000780200000, 0x0000000780200000| Untracked 
|   3|0x0000000780300000, 0x0000000780300000, 0x0000000780400000|  0%| F|  |TAMS 0x0000000780300000, 0x0000000780300000| Untracked 
|   4|0x0000000780400000, 0x0000000780400000, 0x0000000780500000|  0%| F|  |TAMS 0x0000000780400000, 0x0000000780400000| Untracked 
|   5|0x0000000780500000, 0x0000000780500000, 0x0000000780600000|  0%| F|  |TAMS 0x0000000780500000, 0x0000000780500000| Untracked 
|   6|0x0000000780600000, 0x0000000780600000, 0x0000000780700000|  0%| F|  |TAMS 0x0000000780600000, 0x0000000780600000| Untracked 
|   7|0x0000000780700000, 0x0000000780700000, 0x0000000780800000|  0%| F|  |TAMS 0x0000000780700000, 0x0000000780700000| Untracked 
|   8|0x0000000780800000, 0x0000000780800000, 0x0000000780900000|  0%| F|  |TAMS 0x0000000780800000, 0x0000000780800000| Untracked 
|   9|0x0000000780900000, 0x0000000780900000, 0x0000000780a00000|  0%| F|  |TAMS 0x0000000780900000, 0x0000000780900000| Untracked 
|  10|0x0000000780a00000, 0x0000000780a00000, 0x0000000780b00000|  0%| F|  |TAMS 0x0000000780a00000, 0x0000000780a00000| Untracked 
|  11|0x0000000780b00000, 0x0000000780b00000, 0x0000000780c00000|  0%| F|  |TAMS 0x0000000780b00000, 0x0000000780b00000| Untracked 
|  12|0x0000000780c00000, 0x0000000780c00000, 0x0000000780d00000|  0%| F|  |TAMS 0x0000000780c00000, 0x0000000780c00000| Untracked 
|  13|0x0000000780d00000, 0x0000000780d00000, 0x0000000780e00000|  0%| F|  |TAMS 0x0000000780d00000, 0x0000000780d00000| Untracked 
|  14|0x0000000780e00000, 0x0000000780e00000, 0x0000000780f00000|  0%| F|  |TAMS 0x0000000780e00000, 0x0000000780e00000| Untracked 
|  15|0x0000000780f00000, 0x0000000780f00000, 0x0000000781000000|  0%| F|  |TAMS 0x0000000780f00000, 0x0000000780f00000| Untracked 
|  16|0x0000000781000000, 0x0000000781000000, 0x0000000781100000|  0%| F|  |TAMS 0x0000000781000000, 0x0000000781000000| Untracked 
|  17|0x0000000781100000, 0x0000000781100000, 0x0000000781200000|  0%| F|  |TAMS 0x0000000781100000, 0x0000000781100000| Untracked 
|  18|0x0000000781200000, 0x0000000781200000, 0x0000000781300000|  0%| F|  |TAMS 0x0000000781200000, 0x0000000781200000| Untracked 
|  19|0x0000000781300000, 0x0000000781300000, 0x0000000781400000|  0%| F|  |TAMS 0x0000000781300000, 0x0000000781300000| Untracked 
|  20|0x0000000781400000, 0x0000000781400000, 0x0000000781500000|  0%| F|  |TAMS 0x0000000781400000, 0x0000000781400000| Untracked 
|  21|0x0000000781500000, 0x0000000781500000, 0x0000000781600000|  0%| F|  |TAMS 0x0000000781500000, 0x0000000781500000| Untracked 
|  22|0x0000000781600000, 0x0000000781600000, 0x0000000781700000|  0%| F|  |TAMS 0x0000000781600000, 0x0000000781600000| Untracked 
|  23|0x0000000781700000, 0x0000000781700000, 0x0000000781800000|  0%| F|  |TAMS 0x0000000781700000, 0x0000000781700000| Untracked 
|  24|0x0000000781800000, 0x0000000781800000, 0x0000000781900000|  0%| F|  |TAMS 0x0000000781800000, 0x0000000781800000| Untracked 
|  25|0x0000000781900000, 0x0000000781900000, 0x0000000781a00000|  0%| F|  |TAMS 0x0000000781900000, 0x0000000781900000| Untracked 
|  26|0x0000000781a00000, 0x0000000781a00000, 0x0000000781b00000|  0%| F|  |TAMS 0x0000000781a00000, 0x0000000781a00000| Untracked 
|  27|0x0000000781b00000, 0x0000000781b00000, 0x0000000781c00000|  0%| F|  |TAMS 0x0000000781b00000, 0x0000000781b00000| Untracked 
|  28|0x0000000781c00000, 0x0000000781c00000, 0x0000000781d00000|  0%| F|  |TAMS 0x0000000781c00000, 0x0000000781c00000| Untracked 
|  29|0x0000000781d00000, 0x0000000781d00000, 0x0000000781e00000|  0%| F|  |TAMS 0x0000000781d00000, 0x0000000781d00000| Untracked 
|  30|0x0000000781e00000, 0x0000000781e00000, 0x0000000781f00000|  0%| F|  |TAMS 0x0000000781e00000, 0x0000000781e00000| Untracked 
|  31|0x0000000781f00000, 0x0000000781f00000, 0x0000000782000000|  0%| F|  |TAMS 0x0000000781f00000, 0x0000000781f00000| Untracked 
|  32|0x0000000782000000, 0x0000000782000000, 0x0000000782100000|  0%| F|  |TAMS 0x0000000782000000, 0x0000000782000000| Untracked 
|  33|0x0000000782100000, 0x0000000782100000, 0x0000000782200000|  0%| F|  |TAMS 0x0000000782100000, 0x0000000782100000| Untracked 
|  34|0x0000000782200000, 0x0000000782200000, 0x0000000782300000|  0%| F|  |TAMS 0x0000000782200000, 0x0000000782200000| Untracked 
|  35|0x0000000782300000, 0x0000000782300000, 0x0000000782400000|  0%| F|  |TAMS 0x0000000782300000, 0x0000000782300000| Untracked 
|  36|0x0000000782400000, 0x0000000782400000, 0x0000000782500000|  0%| F|  |TAMS 0x0000000782400000, 0x0000000782400000| Untracked 
|  37|0x0000000782500000, 0x0000000782500000, 0x0000000782600000|  0%| F|  |TAMS 0x0000000782500000, 0x0000000782500000| Untracked 
|  38|0x0000000782600000, 0x0000000782600000, 0x0000000782700000|  0%| F|  |TAMS 0x0000000782600000, 0x0000000782600000| Untracked 
|  39|0x0000000782700000, 0x0000000782700000, 0x0000000782800000|  0%| F|  |TAMS 0x0000000782700000, 0x0000000782700000| Untracked 
|  40|0x0000000782800000, 0x0000000782800000, 0x0000000782900000|  0%| F|  |TAMS 0x0000000782800000, 0x0000000782800000| Untracked 
|  41|0x0000000782900000, 0x0000000782900000, 0x0000000782a00000|  0%| F|  |TAMS 0x0000000782900000, 0x0000000782900000| Untracked 
|  42|0x0000000782a00000, 0x0000000782a00000, 0x0000000782b00000|  0%| F|  |TAMS 0x0000000782a00000, 0x0000000782a00000| Untracked 
|  43|0x0000000782b00000, 0x0000000782b00000, 0x0000000782c00000|  0%| F|  |TAMS 0x0000000782b00000, 0x0000000782b00000| Untracked 
|  44|0x0000000782c00000, 0x0000000782c00000, 0x0000000782d00000|  0%| F|  |TAMS 0x0000000782c00000, 0x0000000782c00000| Untracked 
|  45|0x0000000782d00000, 0x0000000782d00000, 0x0000000782e00000|  0%| F|  |TAMS 0x0000000782d00000, 0x0000000782d00000| Untracked 
|  46|0x0000000782e00000, 0x0000000782e00000, 0x0000000782f00000|  0%| F|  |TAMS 0x0000000782e00000, 0x0000000782e00000| Untracked 
|  47|0x0000000782f00000, 0x0000000782f00000, 0x0000000783000000|  0%| F|  |TAMS 0x0000000782f00000, 0x0000000782f00000| Untracked 
|  48|0x0000000783000000, 0x0000000783000000, 0x0000000783100000|  0%| F|  |TAMS 0x0000000783000000, 0x0000000783000000| Untracked 
|  49|0x0000000783100000, 0x0000000783100000, 0x0000000783200000|  0%| F|  |TAMS 0x0000000783100000, 0x0000000783100000| Untracked 
|  50|0x0000000783200000, 0x0000000783200000, 0x0000000783300000|  0%| F|  |TAMS 0x0000000783200000, 0x0000000783200000| Untracked 
|  51|0x0000000783300000, 0x0000000783300000, 0x0000000783400000|  0%| F|  |TAMS 0x0000000783300000, 0x0000000783300000| Untracked 
|  52|0x0000000783400000, 0x0000000783400000, 0x0000000783500000|  0%| F|  |TAMS 0x0000000783400000, 0x0000000783400000| Untracked 
|  53|0x0000000783500000, 0x0000000783500000, 0x0000000783600000|  0%| F|  |TAMS 0x0000000783500000, 0x0000000783500000| Untracked 
|  54|0x0000000783600000, 0x0000000783600000, 0x0000000783700000|  0%| F|  |TAMS 0x0000000783600000, 0x0000000783600000| Untracked 
|  55|0x0000000783700000, 0x0000000783700000, 0x0000000783800000|  0%| F|  |TAMS 0x0000000783700000, 0x0000000783700000| Untracked 
|  56|0x0000000783800000, 0x0000000783800000, 0x0000000783900000|  0%| F|  |TAMS 0x0000000783800000, 0x0000000783800000| Untracked 
|  57|0x0000000783900000, 0x0000000783900000, 0x0000000783a00000|  0%| F|  |TAMS 0x0000000783900000, 0x0000000783900000| Untracked 
|  58|0x0000000783a00000, 0x0000000783a00000, 0x0000000783b00000|  0%| F|  |TAMS 0x0000000783a00000, 0x0000000783a00000| Untracked 
|  59|0x0000000783b00000, 0x0000000783b00000, 0x0000000783c00000|  0%| F|  |TAMS 0x0000000783b00000, 0x0000000783b00000| Untracked 
|  60|0x0000000783c00000, 0x0000000783c00000, 0x0000000783d00000|  0%| F|  |TAMS 0x0000000783c00000, 0x0000000783c00000| Untracked 
|  61|0x0000000783d00000, 0x0000000783d00000, 0x0000000783e00000|  0%| F|  |TAMS 0x0000000783d00000, 0x0000000783d00000| Untracked 
|  62|0x0000000783e00000, 0x0000000783e00000, 0x0000000783f00000|  0%| F|  |TAMS 0x0000000783e00000, 0x0000000783e00000| Untracked 
|  63|0x0000000783f00000, 0x0000000783f00000, 0x0000000784000000|  0%| F|  |TAMS 0x0000000783f00000, 0x0000000783f00000| Untracked 
|  64|0x0000000784000000, 0x0000000784000000, 0x0000000784100000|  0%| F|  |TAMS 0x0000000784000000, 0x0000000784000000| Untracked 
|  65|0x0000000784100000, 0x0000000784100000, 0x0000000784200000|  0%| F|  |TAMS 0x0000000784100000, 0x0000000784100000| Untracked 
|  66|0x0000000784200000, 0x0000000784200000, 0x0000000784300000|  0%| F|  |TAMS 0x0000000784200000, 0x0000000784200000| Untracked 
|  67|0x0000000784300000, 0x0000000784300000, 0x0000000784400000|  0%| F|  |TAMS 0x0000000784300000, 0x0000000784300000| Untracked 
|  68|0x0000000784400000, 0x0000000784400000, 0x0000000784500000|  0%| F|  |TAMS 0x0000000784400000, 0x0000000784400000| Untracked 
|  69|0x0000000784500000, 0x0000000784500000, 0x0000000784600000|  0%| F|  |TAMS 0x0000000784500000, 0x0000000784500000| Untracked 
|  70|0x0000000784600000, 0x0000000784600000, 0x0000000784700000|  0%| F|  |TAMS 0x0000000784600000, 0x0000000784600000| Untracked 
|  71|0x0000000784700000, 0x0000000784700000, 0x0000000784800000|  0%| F|  |TAMS 0x0000000784700000, 0x0000000784700000| Untracked 
|  72|0x0000000784800000, 0x0000000784800000, 0x0000000784900000|  0%| F|  |TAMS 0x0000000784800000, 0x0000000784800000| Untracked 
|  73|0x0000000784900000, 0x0000000784900000, 0x0000000784a00000|  0%| F|  |TAMS 0x0000000784900000, 0x0000000784900000| Untracked 
|  74|0x0000000784a00000, 0x0000000784a00000, 0x0000000784b00000|  0%| F|  |TAMS 0x0000000784a00000, 0x0000000784a00000| Untracked 
|  75|0x0000000784b00000, 0x0000000784b00000, 0x0000000784c00000|  0%| F|  |TAMS 0x0000000784b00000, 0x0000000784b00000| Untracked 
|  76|0x0000000784c00000, 0x0000000784c00000, 0x0000000784d00000|  0%| F|  |TAMS 0x0000000784c00000, 0x0000000784c00000| Untracked 
|  77|0x0000000784d00000, 0x0000000784d00000, 0x0000000784e00000|  0%| F|  |TAMS 0x0000000784d00000, 0x0000000784d00000| Untracked 
|  78|0x0000000784e00000, 0x0000000784e00000, 0x0000000784f00000|  0%| F|  |TAMS 0x0000000784e00000, 0x0000000784e00000| Untracked 
|  79|0x0000000784f00000, 0x0000000784f00000, 0x0000000785000000|  0%| F|  |TAMS 0x0000000784f00000, 0x0000000784f00000| Untracked 
|  80|0x0000000785000000, 0x0000000785000000, 0x0000000785100000|  0%| F|  |TAMS 0x0000000785000000, 0x0000000785000000| Untracked 
|  81|0x0000000785100000, 0x0000000785200000, 0x0000000785200000|100%| E|  |TAMS 0x0000000785100000, 0x0000000785100000| Complete 
|  82|0x0000000785200000, 0x0000000785300000, 0x0000000785300000|100%| E|CS|TAMS 0x0000000785200000, 0x0000000785200000| Complete 
|  83|0x0000000785300000, 0x0000000785400000, 0x0000000785400000|100%| E|CS|TAMS 0x0000000785300000, 0x0000000785300000| Complete 
|  84|0x0000000785400000, 0x0000000785500000, 0x0000000785500000|100%| E|CS|TAMS 0x0000000785400000, 0x0000000785400000| Complete 
|  85|0x0000000785500000, 0x0000000785600000, 0x0000000785600000|100%| E|CS|TAMS 0x0000000785500000, 0x0000000785500000| Complete 
|  86|0x0000000785600000, 0x0000000785700000, 0x0000000785700000|100%| E|CS|TAMS 0x0000000785600000, 0x0000000785600000| Complete 
|  87|0x0000000785700000, 0x0000000785800000, 0x0000000785800000|100%| E|CS|TAMS 0x0000000785700000, 0x0000000785700000| Complete 
|  88|0x0000000785800000, 0x0000000785900000, 0x0000000785900000|100%| E|CS|TAMS 0x0000000785800000, 0x0000000785800000| Complete 
|  89|0x0000000785900000, 0x0000000785a00000, 0x0000000785a00000|100%| E|CS|TAMS 0x0000000785900000, 0x0000000785900000| Complete 
|  90|0x0000000785a00000, 0x0000000785b00000, 0x0000000785b00000|100%| E|CS|TAMS 0x0000000785a00000, 0x0000000785a00000| Complete 
|  91|0x0000000785b00000, 0x0000000785c00000, 0x0000000785c00000|100%| E|CS|TAMS 0x0000000785b00000, 0x0000000785b00000| Complete 
|  92|0x0000000785c00000, 0x0000000785d00000, 0x0000000785d00000|100%| E|CS|TAMS 0x0000000785c00000, 0x0000000785c00000| Complete 
|  93|0x0000000785d00000, 0x0000000785e00000, 0x0000000785e00000|100%| E|CS|TAMS 0x0000000785d00000, 0x0000000785d00000| Complete 
|  94|0x0000000785e00000, 0x0000000785f00000, 0x0000000785f00000|100%| E|CS|TAMS 0x0000000785e00000, 0x0000000785e00000| Complete 
|  95|0x0000000785f00000, 0x0000000786000000, 0x0000000786000000|100%| E|CS|TAMS 0x0000000785f00000, 0x0000000785f00000| Complete 
|  96|0x0000000786000000, 0x0000000786100000, 0x0000000786100000|100%| E|CS|TAMS 0x0000000786000000, 0x0000000786000000| Complete 
|  97|0x0000000786100000, 0x0000000786200000, 0x0000000786200000|100%| E|CS|TAMS 0x0000000786100000, 0x0000000786100000| Complete 
|  98|0x0000000786200000, 0x0000000786300000, 0x0000000786300000|100%| E|CS|TAMS 0x0000000786200000, 0x0000000786200000| Complete 
|  99|0x0000000786300000, 0x0000000786400000, 0x0000000786400000|100%| E|CS|TAMS 0x0000000786300000, 0x0000000786300000| Complete 
| 100|0x0000000786400000, 0x0000000786500000, 0x0000000786500000|100%| E|CS|TAMS 0x0000000786400000, 0x0000000786400000| Complete 
| 101|0x0000000786500000, 0x0000000786600000, 0x0000000786600000|100%| E|CS|TAMS 0x0000000786500000, 0x0000000786500000| Complete 
| 102|0x0000000786600000, 0x0000000786700000, 0x0000000786700000|100%| E|CS|TAMS 0x0000000786600000, 0x0000000786600000| Complete 
| 103|0x0000000786700000, 0x0000000786800000, 0x0000000786800000|100%| E|CS|TAMS 0x0000000786700000, 0x0000000786700000| Complete 
| 104|0x0000000786800000, 0x0000000786900000, 0x0000000786900000|100%| E|CS|TAMS 0x0000000786800000, 0x0000000786800000| Complete 
| 105|0x0000000786900000, 0x0000000786a00000, 0x0000000786a00000|100%| E|CS|TAMS 0x0000000786900000, 0x0000000786900000| Complete 
| 106|0x0000000786a00000, 0x0000000786b00000, 0x0000000786b00000|100%| E|CS|TAMS 0x0000000786a00000, 0x0000000786a00000| Complete 
| 107|0x0000000786b00000, 0x0000000786b3c3e0, 0x0000000786c00000| 23%| S|CS|TAMS 0x0000000786b00000, 0x0000000786b00000| Complete 
| 108|0x0000000786c00000, 0x0000000786d00000, 0x0000000786d00000|100%| S|CS|TAMS 0x0000000786c00000, 0x0000000786c00000| Complete 
| 109|0x0000000786d00000, 0x0000000786e00000, 0x0000000786e00000|100%| E|CS|TAMS 0x0000000786d00000, 0x0000000786d00000| Complete 
| 110|0x0000000786e00000, 0x0000000786f00000, 0x0000000786f00000|100%| E|CS|TAMS 0x0000000786e00000, 0x0000000786e00000| Complete 
| 111|0x0000000786f00000, 0x0000000787000000, 0x0000000787000000|100%| E|CS|TAMS 0x0000000786f00000, 0x0000000786f00000| Complete 
| 112|0x0000000787000000, 0x0000000787100000, 0x0000000787100000|100%| E|CS|TAMS 0x0000000787000000, 0x0000000787000000| Complete 
| 113|0x0000000787100000, 0x0000000787200000, 0x0000000787200000|100%| E|CS|TAMS 0x0000000787100000, 0x0000000787100000| Complete 
| 114|0x0000000787200000, 0x0000000787300000, 0x0000000787300000|100%| E|CS|TAMS 0x0000000787200000, 0x0000000787200000| Complete 
| 115|0x0000000787300000, 0x0000000787400000, 0x0000000787400000|100%| E|CS|TAMS 0x0000000787300000, 0x0000000787300000| Complete 
| 116|0x0000000787400000, 0x0000000787500000, 0x0000000787500000|100%| E|CS|TAMS 0x0000000787400000, 0x0000000787400000| Complete 
| 117|0x0000000787500000, 0x0000000787600000, 0x0000000787600000|100%| E|CS|TAMS 0x0000000787500000, 0x0000000787500000| Complete 
| 118|0x0000000787600000, 0x0000000787700000, 0x0000000787700000|100%| E|CS|TAMS 0x0000000787600000, 0x0000000787600000| Complete 
| 119|0x0000000787700000, 0x0000000787800000, 0x0000000787800000|100%| E|CS|TAMS 0x0000000787700000, 0x0000000787700000| Complete 
| 120|0x0000000787800000, 0x0000000787900000, 0x0000000787900000|100%| E|CS|TAMS 0x0000000787800000, 0x0000000787800000| Complete 
| 121|0x0000000787900000, 0x0000000787a00000, 0x0000000787a00000|100%| E|CS|TAMS 0x0000000787900000, 0x0000000787900000| Complete 
| 122|0x0000000787a00000, 0x0000000787b00000, 0x0000000787b00000|100%| E|CS|TAMS 0x0000000787a00000, 0x0000000787a00000| Complete 
| 123|0x0000000787b00000, 0x0000000787c00000, 0x0000000787c00000|100%| E|CS|TAMS 0x0000000787b00000, 0x0000000787b00000| Complete 
| 124|0x0000000787c00000, 0x0000000787d00000, 0x0000000787d00000|100%| E|CS|TAMS 0x0000000787c00000, 0x0000000787c00000| Complete 
| 125|0x0000000787d00000, 0x0000000787e00000, 0x0000000787e00000|100%| E|CS|TAMS 0x0000000787d00000, 0x0000000787d00000| Complete 
| 126|0x0000000787e00000, 0x0000000787f00000, 0x0000000787f00000|100%| E|CS|TAMS 0x0000000787e00000, 0x0000000787e00000| Complete 
| 127|0x0000000787f00000, 0x0000000788000000, 0x0000000788000000|100%| E|CS|TAMS 0x0000000787f00000, 0x0000000787f00000| Complete 

Card table byte_map: [0x000000010fd5e000,0x000000011015e000] _byte_map_base: 0x000000010c15e000

Marking Bits (Prev, Next): (CMBitMap*) 0x00007fa403021410, (CMBitMap*) 0x00007fa403021450
 Prev Bits: [0x000000011055e000, 0x000000011255e000)
 Next Bits: [0x000000011255e000, 0x000000011455e000)

Polling page: 0x0000000108ef9000

Metaspace:

Usage:
  Non-class:     16.34 MB used.
      Class:      2.03 MB used.
       Both:     18.36 MB used.

Virtual space:
  Non-class space:       24.00 MB reserved,      16.44 MB ( 68%) committed,  3 nodes.
      Class space:        1.00 GB reserved,       2.12 MB ( <1%) committed,  1 nodes.
             Both:        1.02 GB reserved,      18.56 MB (  2%) committed. 

Chunk freelists:
   Non-Class:  2.84 MB
       Class:  1.83 MB
        Both:  4.67 MB

MaxMetaspaceSize: unlimited
CompressedClassSpaceSize: 1.00 GB
Initial GC threshold: 21.00 MB
Current GC threshold: 21.00 MB
CDS: off
MetaspaceReclaimPolicy: balanced
 - commit_granule_bytes: 65536.
 - commit_granule_words: 8192.
 - virtual_space_node_default_size: 1048576.
 - enlarge_chunks_in_place: 1.
 - new_chunks_are_fully_committed: 0.
 - uncommit_free_chunks: 1.
 - use_allocation_guard: 0.
 - handle_deallocations: 1.


Internal statistics:

num_allocs_failed_limit: 0.
num_arena_births: 120.
num_arena_deaths: 0.
num_vsnodes_births: 4.
num_vsnodes_deaths: 0.
num_space_committed: 297.
num_space_uncommitted: 0.
num_chunks_returned_to_freelist: 0.
num_chunks_taken_from_freelist: 451.
num_chunk_merges: 0.
num_chunk_splits: 316.
num_chunks_enlarged: 260.
num_purges: 0.
num_inconsistent_stats: 0.

CodeHeap 'non-profiled nmethods': size=120032Kb used=726Kb max_used=726Kb free=119305Kb
 bounds [0x000000011fc98000, 0x000000011ff08000, 0x00000001271d0000]
CodeHeap 'profiled nmethods': size=120028Kb used=3184Kb max_used=3184Kb free=116844Kb
 bounds [0x0000000118761000, 0x0000000118a81000, 0x000000011fc98000]
CodeHeap 'non-nmethods': size=5700Kb used=1385Kb max_used=1440Kb free=4314Kb
 bounds [0x00000001181d0000, 0x0000000118440000, 0x0000000118761000]
 total_blobs=2542 nmethods=1871 adapters=584
 compilation: enabled
              stopped_count=0, restarted_count=0
 full_count=0

Compilation events (20 events):
Event: 7.375 Thread 0x00007fa402813800 nmethod 1870 0x0000000118a76510 code [0x0000000118a767a0, 0x0000000118a77250]
Event: 7.375 Thread 0x00007fa402813800 1871       3       com.sun.javafx.tk.Toolkit$$Lambda$164/0x0000000800211588::<init> (10 bytes)
Event: 7.376 Thread 0x00007fa402813800 nmethod 1871 0x0000000118a77690 code [0x0000000118a77840, 0x0000000118a779f0]
Event: 7.376 Thread 0x00007fa402813800 1872       1       javafx.scene.Scene::isFocusDirty (5 bytes)
Event: 7.376 Thread 0x00007fa402813800 nmethod 1872 0x000000011fd4cc90 code [0x000000011fd4ce20, 0x000000011fd4cef0]
Event: 7.382 Thread 0x00007fa40280b200 nmethod 1869 0x000000011fd4cf90 code [0x000000011fd4d140, 0x000000011fd4d6b8]
Event: 7.453 Thread 0x00007fa402813800 1873       3       javafx.scene.Scene$TargetWrapper::getEventTarget (19 bytes)
Event: 7.453 Thread 0x00007fa402813800 nmethod 1873 0x0000000118a77a90 code [0x0000000118a77c40, 0x0000000118a77dd0]
Event: 7.454 Thread 0x00007fa402813800 1874       3       com.sun.javafx.event.EventDispatchChainImpl::prepend (77 bytes)
Event: 7.454 Thread 0x00007fa402813800 nmethod 1874 0x0000000118a77e90 code [0x0000000118a78060, 0x0000000118a78450]
Event: 7.454 Thread 0x00007fa402813800 1875       3       com.sun.javafx.event.EventDispatchChainImpl::ensureCapacity (89 bytes)
Event: 7.455 Thread 0x00007fa402813800 nmethod 1875 0x0000000118a78610 code [0x0000000118a787e0, 0x0000000118a78db0]
Event: 8.589 Thread 0x00007fa402813800 1876       3       com.sun.javafx.tk.quantum.QuantumToolkit$$Lambda$101/0x000000080013cc78::run (8 bytes)
Event: 8.589 Thread 0x00007fa402813800 nmethod 1876 0x0000000118a78f10 code [0x0000000118a79100, 0x0000000118a794c0]
Event: 8.589 Thread 0x00007fa402813800 1877   !   3       com.sun.javafx.tk.quantum.QuantumToolkit::lambda$runToolkit$12 (16 bytes)
Event: 8.589 Thread 0x00007fa402813800 nmethod 1877 0x0000000118a79690 code [0x0000000118a79860, 0x0000000118a79ba0]
Event: 8.865 Thread 0x00007fa402813800 1878       3       com.sun.javafx.tk.quantum.QuantumToolkit::setPulseRunning (9 bytes)
Event: 8.867 Thread 0x00007fa402813800 nmethod 1878 0x0000000118a79d10 code [0x0000000118a79f80, 0x0000000118a7a900]
Event: 10.736 Thread 0x00007fa402813800 1879       3       com.sun.javafx.tk.quantum.QuantumToolkit::postPulse (133 bytes)
Event: 10.740 Thread 0x00007fa402813800 nmethod 1879 0x0000000118a7ad10 code [0x0000000118a7b0e0, 0x0000000118a7c720]

GC Heap History (4 events):
Event: 2.815 GC heap before
{Heap before GC invocations=0 (full 0):
 garbage-first heap   total 131072K, used 13312K [0x0000000780000000, 0x0000000800000000)
  region size 1024K, 13 young (13312K), 0 survivors (0K)
 Metaspace       used 10137K, committed 10240K, reserved 1064960K
  class space    used 912K, committed 960K, reserved 1048576K
}
Event: 2.820 GC heap after
{Heap after GC invocations=1 (full 0):
 garbage-first heap   total 131072K, used 2148K [0x0000000780000000, 0x0000000800000000)
  region size 1024K, 2 young (2048K), 2 survivors (2048K)
 Metaspace       used 10137K, committed 10240K, reserved 1064960K
  class space    used 912K, committed 960K, reserved 1048576K
}
Event: 3.699 GC heap before
{Heap before GC invocations=1 (full 0):
 garbage-first heap   total 131072K, used 18532K [0x0000000780000000, 0x0000000800000000)
  region size 1024K, 19 young (19456K), 2 survivors (2048K)
 Metaspace       used 12615K, committed 12736K, reserved 1064960K
  class space    used 1194K, committed 1280K, reserved 1048576K
}
Event: 3.704 GC heap after
{Heap after GC invocations=2 (full 0):
 garbage-first heap   total 131072K, used 3603K [0x0000000780000000, 0x0000000800000000)
  region size 1024K, 2 young (2048K), 2 survivors (2048K)
 Metaspace       used 12615K, committed 12736K, reserved 1064960K
  class space    used 1194K, committed 1280K, reserved 1048576K
}

Deoptimization events (20 events):
Event: 4.710 Thread 0x00007fa40385f200 DEOPT PACKING pc=0x00000001189349d5 sp=0x00007ffee6d0c4d0
Event: 4.710 Thread 0x00007fa40385f200 DEOPT UNPACKING pc=0x000000011822282f sp=0x00007ffee6d0b990 mode 0
Event: 4.710 Thread 0x00007fa40385f200 DEOPT PACKING pc=0x00000001188c9b24 sp=0x00007ffee6d0c650
Event: 4.710 Thread 0x00007fa40385f200 DEOPT UNPACKING pc=0x000000011822282f sp=0x00007ffee6d0bb08 mode 1
Event: 4.710 Thread 0x00007fa40385f200 DEOPT PACKING pc=0x00000001188c8fdc sp=0x00007ffee6d0c720
Event: 4.710 Thread 0x00007fa40385f200 DEOPT UNPACKING pc=0x000000011822282f sp=0x00007ffee6d0bbf8 mode 1
Event: 4.711 Thread 0x00007fa40385f200 DEOPT PACKING pc=0x00000001188c9b24 sp=0x00007ffee6d0c710
Event: 4.711 Thread 0x00007fa40385f200 DEOPT UNPACKING pc=0x000000011822282f sp=0x00007ffee6d0bbc8 mode 1
Event: 4.711 Thread 0x00007fa40385f200 DEOPT PACKING pc=0x00000001188c8fdc sp=0x00007ffee6d0c7e0
Event: 4.711 Thread 0x00007fa40385f200 DEOPT UNPACKING pc=0x000000011822282f sp=0x00007ffee6d0bcb8 mode 1
Event: 4.837 Thread 0x00007fa40385f200 DEOPT PACKING pc=0x0000000118893403 sp=0x00007ffee6d06a60
Event: 4.837 Thread 0x00007fa40385f200 DEOPT UNPACKING pc=0x000000011822282f sp=0x00007ffee6d05f70 mode 0
Event: 4.980 Thread 0x00007fa40385f200 Uncommon trap: trap_request=0xffffff45 fr.pc=0x000000011fca0920 relative=0x0000000000000080
Event: 4.980 Thread 0x00007fa40385f200 Uncommon trap: reason=unstable_if action=reinterpret pc=0x000000011fca0920 method=java.lang.String.isLatin1()Z @ 10 c2
Event: 4.980 Thread 0x00007fa40385f200 DEOPT PACKING pc=0x000000011fca0920 sp=0x00007ffee6d0dc00
Event: 4.980 Thread 0x00007fa40385f200 DEOPT UNPACKING pc=0x0000000118222099 sp=0x00007ffee6d0db70 mode 2
Event: 5.141 Thread 0x00007fa40385f200 DEOPT PACKING pc=0x0000000118893403 sp=0x00007ffee6d0c760
Event: 5.141 Thread 0x00007fa40385f200 DEOPT UNPACKING pc=0x000000011822282f sp=0x00007ffee6d0bc70 mode 0
Event: 5.179 Thread 0x00007fa402819e00 DEOPT PACKING pc=0x00000001189349d5 sp=0x0000700009a51a10
Event: 5.179 Thread 0x00007fa402819e00 DEOPT UNPACKING pc=0x000000011822282f sp=0x0000700009a50ed0 mode 0

Classes unloaded (0 events):
No events

Classes redefined (10 events):
Event: 38.512 Thread 0x00007fa4024329e0 redefined class name=userInterface.UserInterface$5, count=1
Event: 38.512 Thread 0x00007fa4024329e0 redefined class name=userInterface.UserInterface$6, count=1
Event: 38.512 Thread 0x00007fa4024329e0 redefined class name=userInterface.UserInterface$7, count=1
Event: 38.512 Thread 0x00007fa4024329e0 redefined class name=userInterface.UserInterface$8, count=1
Event: 38.512 Thread 0x00007fa4024329e0 redefined class name=userInterface.UserInterface$9, count=1
Event: 38.512 Thread 0x00007fa4024329e0 redefined class name=userInterface.UserInterface, count=1
Event: 38.512 Thread 0x00007fa4024329e0 redefined class name=userInterface.UserInterface$1, count=1
Event: 38.512 Thread 0x00007fa4024329e0 redefined class name=userInterface.UserInterface$2, count=1
Event: 38.512 Thread 0x00007fa4024329e0 redefined class name=userInterface.UserInterface$3, count=1
Event: 38.512 Thread 0x00007fa4024329e0 redefined class name=userInterface.UserInterface$4, count=1

Internal exceptions (17 events):
Event: 2.765 Thread 0x00007fa403008c00 Exception <a 'java/lang/NoSuchMethodError'{0x0000000787468f78}: 'java.lang.Object java.lang.invoke.DirectMethodHandle$Holder.invokeStaticInit(java.lang.Object)'> (0x0000000787468f78) 
thrown [src/hotspot/share/interpreter/linkResolver.cpp, line 766]
Event: 2.778 Thread 0x00007fa403008c00 Exception <a 'java/lang/NoSuchMethodError'{0x00000007874b13f0}: 'java.lang.Object java.lang.invoke.DirectMethodHandle$Holder.newInvokeSpecial(java.lang.Object, java.lang.Object, java.lang.Object, java.lang.Object, java.lang.Object)'> (0x00000007874b13f0) 
thrown [src/hotspot/share/interpreter/linkResolver.cpp, line 766]
Event: 2.780 Thread 0x00007fa402819800 Exception <a 'java/lang/NoSuchMethodError'{0x00000007874d8fa0}: 'void java.lang.invoke.DirectMethodHandle$Holder.invokeStatic(java.lang.Object, java.lang.Object)'> (0x00000007874d8fa0) 
thrown [src/hotspot/share/interpreter/linkResolver.cpp, line 766]
Event: 2.949 Thread 0x00007fa402819800 Exception <a 'java/lang/NoSuchMethodError'{0x0000000787a90d30}: 'void java.lang.invoke.DirectMethodHandle$Holder.invokeSpecial(java.lang.Object, java.lang.Object, java.lang.Object)'> (0x0000000787a90d30) 
thrown [src/hotspot/share/interpreter/linkResolver.cpp, line 766]
Event: 2.976 Thread 0x00007fa402819800 Exception <a 'java/lang/NoSuchMethodError'{0x000000078790ffb8}: 'void java.lang.invoke.DirectMethodHandle$Holder.invokeStatic(java.lang.Object, java.lang.Object, java.lang.Object)'> (0x000000078790ffb8) 
thrown [src/hotspot/share/interpreter/linkResolver.cpp, line 766]
Event: 3.332 Thread 0x00007fa402819800 Exception <a 'java/lang/NoSuchMethodError'{0x000000078777c658}: 'int java.lang.invoke.DirectMethodHandle$Holder.invokeStaticInit(java.lang.Object, java.lang.Object, java.lang.Object)'> (0x000000078777c658) 
thrown [src/hotspot/share/interpreter/linkResolver.cpp, line 766]
Event: 3.671 Thread 0x00007fa40385f200 Exception <a 'java/lang/NoSuchMethodError'{0x0000000786ed9430}: 'void java.lang.invoke.DirectMethodHandle$Holder.invokeStaticInit(java.lang.Object)'> (0x0000000786ed9430) 
thrown [src/hotspot/share/interpreter/linkResolver.cpp, line 766]
Event: 3.675 Thread 0x00007fa402819800 Exception <a 'java/lang/NoSuchMethodError'{0x000000078757bdc8}: 'void java.lang.invoke.DirectMethodHandle$Holder.invokeStatic(java.lang.Object, java.lang.Object, java.lang.Object, java.lang.Object)'> (0x000000078757bdc8) 
thrown [src/hotspot/share/interpreter/linkResolver.cpp, line 766]
Event: 3.676 Thread 0x00007fa40385f200 Implicit null exception at 0x000000011fcbeb4f to 0x000000011fcbf020
Event: 3.813 Thread 0x00007fa40385f200 Exception <a 'java/lang/NoSuchMethodError'{0x000000078778e6d8}: 'java.lang.Object java.lang.invoke.DirectMethodHandle$Holder.invokeStaticInit(java.lang.Object, java.lang.Object, java.lang.Object, java.lang.Object)'> (0x000000078778e6d8) 
thrown [src/hotspot/share/interpreter/linkResolver.cpp, line 766]
Event: 4.428 Thread 0x00007fa40385f200 Exception <a 'java/lang/NullPointerException'{0x0000000787098328}> (0x0000000787098328) 
thrown [src/hotspot/share/interpreter/linkResolver.cpp, line 1357]
Event: 4.853 Thread 0x00007fa40385f200 Exception <a 'java/lang/NoSuchMethodError'{0x0000000785aff270}: 'java.lang.Object java.lang.invoke.DirectMethodHandle$Holder.newInvokeSpecial(java.lang.Object, java.lang.Object, int)'> (0x0000000785aff270) 
thrown [src/hotspot/share/interpreter/linkResolver.cpp, line 766]
Event: 5.062 Thread 0x00007fa40385f200 Exception <a 'java/lang/NoSuchMethodError'{0x000000078579b1f8}: 'long java.lang.invoke.DirectMethodHandle$Holder.invokeStatic(java.lang.Object, java.lang.Object, java.lang.Object)'> (0x000000078579b1f8) 
thrown [src/hotspot/share/interpreter/linkResolver.cpp, line 766]
Event: 5.063 Thread 0x00007fa40385f200 Exception <a 'java/lang/NoSuchMethodError'{0x000000078579e9a0}: 'long java.lang.invoke.DirectMethodHandle$Holder.invokeStaticInit(java.lang.Object, java.lang.Object, java.lang.Object)'> (0x000000078579e9a0) 
thrown [src/hotspot/share/interpreter/linkResolver.cpp, line 766]
Event: 5.067 Thread 0x00007fa40385f200 Exception <a 'java/lang/NoSuchMethodError'{0x0000000785601b88}: 'java.lang.Object java.lang.invoke.DirectMethodHandle$Holder.newInvokeSpecial(java.lang.Object, java.lang.Object, long)'> (0x0000000785601b88) 
thrown [src/hotspot/share/interpreter/linkResolver.cpp, line 766]
Event: 5.067 Thread 0x00007fa40385f200 Exception <a 'java/lang/NoSuchMethodError'{0x0000000785605450}: 'java.lang.Object java.lang.invoke.Invokers$Holder.linkToTargetMethod(java.lang.Object, long, java.lang.Object)'> (0x0000000785605450) 
thrown [src/hotspot/share/interpreter/linkResolver.cpp, line 766]
Event: 5.135 Thread 0x00007fa402819e00 Exception <a 'java/lang/NoSuchMethodError'{0x00000007854257a8}: 'int java.lang.invoke.DirectMethodHandle$Holder.invokeStaticInit(java.lang.Object, java.lang.Object)'> (0x00000007854257a8) 
thrown [src/hotspot/share/interpreter/linkResolver.cpp, line 766]

VM Operations (20 events):
Event: 8.413 Executing VM operation: get/set locals
Event: 8.413 Executing VM operation: get/set locals done
Event: 8.420 Executing VM operation: get/set locals
Event: 8.420 Executing VM operation: get/set locals done
Event: 8.425 Executing VM operation: get/set locals
Event: 8.425 Executing VM operation: get/set locals done
Event: 38.463 Executing VM operation: ChangeSingleStep
Event: 38.464 Executing VM operation: ChangeSingleStep done
Event: 38.464 Executing VM operation: ChangeSingleStep
Event: 38.464 Executing VM operation: ChangeSingleStep done
Event: 38.508 Executing VM operation: RedefineClasses
Event: 38.519 Executing VM operation: RedefineClasses done
Event: 38.534 Executing VM operation: ChangeBreakpoints
Event: 38.534 Executing VM operation: ChangeBreakpoints done
Event: 38.540 Executing VM operation: ChangeSingleStep
Event: 38.540 Executing VM operation: ChangeSingleStep done
Event: 38.540 Executing VM operation: get/set locals
Event: 38.540 Executing VM operation: get/set locals done
Event: 38.543 Executing VM operation: ChangeSingleStep
Event: 38.543 Executing VM operation: ChangeSingleStep done

Events (20 events):
Event: 5.061 loading class java/util/concurrent/ConcurrentLinkedQueue$Node
Event: 5.061 loading class java/util/concurrent/ConcurrentLinkedQueue$Node done
Event: 5.137 loading class java/lang/invoke/MethodHandle$1
Event: 5.137 loading class java/lang/invoke/MethodHandle$1 done
Event: 5.142 loading class java/util/EnumMap$Values
Event: 5.143 loading class java/util/EnumMap$Values done
Event: 5.143 loading class java/util/EnumMap$ValueIterator
Event: 5.143 loading class java/util/EnumMap$EnumMapIterator
Event: 5.143 loading class java/util/EnumMap$EnumMapIterator done
Event: 5.143 loading class java/util/EnumMap$ValueIterator done
Event: 5.174 loading class java/nio/DirectByteBuffer$Deallocator
Event: 5.174 loading class java/nio/DirectByteBuffer$Deallocator done
Event: 5.174 loading class java/nio/DirectShortBufferU
Event: 5.175 loading class java/nio/ShortBuffer
Event: 5.175 loading class java/nio/ShortBuffer done
Event: 5.175 loading class java/nio/DirectShortBufferU done
Event: 5.197 loading class java/nio/FloatBuffer
Event: 5.197 loading class java/nio/FloatBuffer done
Event: 5.197 loading class java/nio/DoubleBuffer
Event: 5.198 loading class java/nio/DoubleBuffer done


Dynamic libraries:
0x00007fff2a42b000 	/usr/lib/libz.1.dylib
0x0000000108efb000 	/Applications/Eclipse.app/Contents/Eclipse/plugins/org.eclipse.justj.openjdk.hotspot.jre.full.macosx.x86_64_17.0.3.v20220515-1416/jre/lib/libjli.dylib
0x00007fff34e60000 	/System/Library/Frameworks/Cocoa.framework/Versions/A/Cocoa
0x00007fff221a8000 	/System/Library/Frameworks/Security.framework/Versions/A/Security
0x00007fff33068000 	/System/Library/Frameworks/ApplicationServices.framework/Versions/A/ApplicationServices
0x00007fff2a4f3000 	/usr/lib/libSystem.B.dylib
0x00007fff2a4ed000 	/usr/lib/system/libcache.dylib
0x00007fff2a4a9000 	/usr/lib/system/libcommonCrypto.dylib
0x00007fff2a4d3000 	/usr/lib/system/libcompiler_rt.dylib
0x00007fff2a4c8000 	/usr/lib/system/libcopyfile.dylib
0x00007fff200a0000 	/usr/lib/system/libcorecrypto.dylib
0x00007fff2016b000 	/usr/lib/system/libdispatch.dylib
0x00007fff2031e000 	/usr/lib/system/libdyld.dylib
0x00007fff2a4e4000 	/usr/lib/system/libkeymgr.dylib
0x00007fff2d8f8000 	/usr/lib/system/liblaunch.dylib
0x00007fff2a487000 	/usr/lib/system/libmacho.dylib
0x00007fff29c7f000 	/usr/lib/system/libquarantine.dylib
0x00007fff2a4e1000 	/usr/lib/system/libremovefile.dylib
0x00007fff24b84000 	/usr/lib/system/libsystem_asl.dylib
0x00007fff20050000 	/usr/lib/system/libsystem_blocks.dylib
0x00007fff201ed000 	/usr/lib/system/libsystem_c.dylib
0x00007fff2a4db000 	/usr/lib/system/libsystem_collections.dylib
0x00007fff28f85000 	/usr/lib/system/libsystem_configuration.dylib
0x00007fff28271000 	/usr/lib/system/libsystem_containermanager.dylib
0x00007fff2a22a000 	/usr/lib/system/libsystem_coreservices.dylib
0x00007fff22760000 	/usr/lib/system/libsystem_darwin.dylib
0x00007fff2a4e5000 	/usr/lib/system/libsystem_dnssd.dylib
0x00007fff201ea000 	/usr/lib/system/libsystem_featureflags.dylib
0x00007fff20364000 	/usr/lib/system/libsystem_info.dylib
0x00007fff2a43e000 	/usr/lib/system/libsystem_m.dylib
0x00007fff2013e000 	/usr/lib/system/libsystem_malloc.dylib
0x00007fff24b17000 	/usr/lib/system/libsystem_networkextension.dylib
0x00007fff22b7f000 	/usr/lib/system/libsystem_notify.dylib
0x00007fff2fd8f000 	/usr/lib/system/libsystem_product_info_filter.dylib
0x00007fff28f89000 	/usr/lib/system/libsystem_sandbox.dylib
0x00007fff2a4de000 	/usr/lib/system/libsystem_secinit.dylib
0x00007fff202e2000 	/usr/lib/system/libsystem_kernel.dylib
0x00007fff2035a000 	/usr/lib/system/libsystem_platform.dylib
0x00007fff20312000 	/usr/lib/system/libsystem_pthread.dylib
0x00007fff26262000 	/usr/lib/system/libsystem_symptoms.dylib
0x00007fff20088000 	/usr/lib/system/libsystem_trace.dylib
0x00007fff2a4b5000 	/usr/lib/system/libunwind.dylib
0x00007fff20052000 	/usr/lib/system/libxpc.dylib
0x00007fff202cc000 	/usr/lib/libc++abi.dylib
0x00007fff201b0000 	/usr/lib/libobjc.A.dylib
0x00007fff2a4c0000 	/usr/lib/liboah.dylib
0x00007fff20276000 	/usr/lib/libc++.1.dylib
0x00007fff20390000 	/System/Library/Frameworks/CoreFoundation.framework/Versions/A/CoreFoundation
0x00007fff21140000 	/System/Library/Frameworks/Foundation.framework/Versions/C/Foundation
0x00007fff22bd9000 	/System/Library/Frameworks/AppKit.framework/Versions/C/AppKit
0x00007fff25a9e000 	/System/Library/Frameworks/CoreData.framework/Versions/A/CoreData
0x00007fff23925000 	/System/Library/PrivateFrameworks/UIFoundation.framework/Versions/A/UIFoundation
0x00007fff2fb22000 	/System/Library/PrivateFrameworks/RemoteViewServices.framework/Versions/A/RemoteViewServices
0x00007fff28937000 	/System/Library/PrivateFrameworks/XCTTargetBootstrap.framework/Versions/A/XCTTargetBootstrap
0x00007fff2b61e000 	/usr/lib/libspindump.dylib
0x00007fff23b74000 	/System/Library/Frameworks/UniformTypeIdentifiers.framework/Versions/A/UniformTypeIdentifiers
0x00007fff2713b000 	/usr/lib/libapp_launch_measurement.dylib
0x00007fff2713e000 	/System/Library/PrivateFrameworks/CoreAutoLayout.framework/Versions/A/CoreAutoLayout
0x00007fff2829e000 	/System/Library/Frameworks/Metal.framework/Versions/A/Metal
0x00007fff28f94000 	/usr/lib/liblangid.dylib
0x00007fff2893b000 	/System/Library/PrivateFrameworks/CoreSVG.framework/Versions/A/CoreSVG
0x00007fff24bb4000 	/System/Library/PrivateFrameworks/SkyLight.framework/Versions/A/SkyLight
0x00007fff24f1a000 	/System/Library/Frameworks/CoreGraphics.framework/Versions/A/CoreGraphics
0x00007fff30049000 	/System/Library/Frameworks/Accelerate.framework/Versions/A/Accelerate
0x00007fff2b05c000 	/System/Library/PrivateFrameworks/IconServices.framework/Versions/A/IconServices
0x00007fff28282000 	/System/Library/Frameworks/IOSurface.framework/Versions/A/IOSurface
0x00007fff26426000 	/usr/lib/libDiagnosticMessagesClient.dylib
0x00007fff28923000 	/System/Library/PrivateFrameworks/DFRFoundation.framework/Versions/A/DFRFoundation
0x00007fff22500000 	/usr/lib/libicucore.A.dylib
0x00007fff2cb61000 	/System/Library/Frameworks/AudioToolbox.framework/Versions/A/AudioToolbox
0x00007fff2bde9000 	/System/Library/PrivateFrameworks/DataDetectorsCore.framework/Versions/A/DataDetectorsCore
0x00007fff24b27000 	/usr/lib/libMobileGestalt.dylib
0x00007fff28627000 	/System/Library/Frameworks/Carbon.framework/Versions/A/Frameworks/HIToolbox.framework/Versions/A/HIToolbox
0x00007fff26b80000 	/System/Library/Frameworks/QuartzCore.framework/Versions/A/QuartzCore
0x00007fff2fb5a000 	/System/Library/Frameworks/Carbon.framework/Versions/A/Frameworks/SpeechRecognition.framework/Versions/A/SpeechRecognition
0x00007fff26ea0000 	/System/Library/PrivateFrameworks/CoreUI.framework/Versions/A/CoreUI
0x00007fff21b16000 	/System/Library/Frameworks/CoreAudio.framework/Versions/A/CoreAudio
0x00007fff26511000 	/System/Library/Frameworks/DiskArbitration.framework/Versions/A/DiskArbitration
0x00007fff2b9ec000 	/System/Library/PrivateFrameworks/MultitouchSupport.framework/Versions/A/MultitouchSupport
0x00007fff2bde0000 	/System/Library/PrivateFrameworks/InternationalSupport.framework/Versions/A/InternationalSupport
0x00007fff24b26000 	/usr/lib/libenergytrace.dylib
0x00007fff22ad0000 	/System/Library/Frameworks/IOKit.framework/Versions/A/IOKit
0x00007fff2fe8d000 	/System/Library/Frameworks/CoreServices.framework/Versions/A/CoreServices
0x00007fff270cd000 	/System/Library/PrivateFrameworks/PerformanceAnalysis.framework/Versions/A/PerformanceAnalysis
0x00007fff6b804000 	/System/Library/Frameworks/OpenGL.framework/Versions/A/OpenGL
0x00007fff2be64000 	/System/Library/PrivateFrameworks/UserActivity.framework/Versions/A/UserActivity
0x00007fff255a4000 	/System/Library/Frameworks/ColorSync.framework/Versions/A/ColorSync
0x00007fff28ba2000 	/System/Library/Frameworks/CoreImage.framework/Versions/A/CoreImage
0x00007fff21930000 	/System/Library/Frameworks/CoreText.framework/Versions/A/CoreText
0x00007fff28965000 	/System/Library/Frameworks/ImageIO.framework/Versions/A/ImageIO
0x00007fff2a4f9000 	/System/Library/PrivateFrameworks/SoftLinking.framework/Versions/A/SoftLinking
0x00007fff27186000 	/usr/lib/libxml2.2.dylib
0x00007fff2a76a000 	/usr/lib/libcompression.dylib
0x00007fff2bd12000 	/System/Library/PrivateFrameworks/TextureIO.framework/Versions/A/TextureIO
0x00007fff2ad9a000 	/usr/lib/libate.dylib
0x00007fff2ab7e000 	/usr/lib/liblzma.5.dylib
0x00007fff20e54000 	/System/Library/Frameworks/SystemConfiguration.framework/Versions/A/SystemConfiguration
0x00007fff2a4f5000 	/usr/lib/libfakelink.dylib
0x00007fff24678000 	/System/Library/Frameworks/CFNetwork.framework/Versions/A/CFNetwork
0x00007fff2a635000 	/usr/lib/libarchive.2.dylib
0x00007fff20ed2000 	/usr/lib/libCRFSuite.dylib
0x00007fff29ca6000 	/usr/lib/libbsm.0.dylib
0x00007fff23ff1000 	/usr/lib/libnetwork.dylib
0x00007fff2a4fa000 	/usr/lib/libpcap.A.dylib
0x00007fff2625b000 	/usr/lib/libdns_services.dylib
0x00007fff2ab97000 	/usr/lib/libcoretls_cfhelpers.dylib
0x00007fff2a734000 	/usr/lib/libapple_nghttp2.dylib
0x00007fff2a48d000 	/usr/lib/system/libkxld.dylib
0x00007fff25ed4000 	/usr/lib/libsqlite3.dylib
0x00007fff2a20d000 	/System/Library/PrivateFrameworks/AppleFSCompression.framework/Versions/A/AppleFSCompression
0x00007fff29c8e000 	/usr/lib/libcoretls.dylib
0x00007fff2a765000 	/usr/lib/libpam.2.dylib
0x00007fff2ac95000 	/usr/lib/libxar.1.dylib
0x00007fff28f90000 	/System/Library/PrivateFrameworks/AppleSystemInfo.framework/Versions/A/AppleSystemInfo
0x00007fff298d0000 	/System/Library/PrivateFrameworks/IOMobileFramebuffer.framework/Versions/A/IOMobileFramebuffer
0x00007fff2a21d000 	/usr/lib/libbz2.1.0.dylib
0x00007fff2a532000 	/usr/lib/libiconv.2.dylib
0x00007fff2a486000 	/usr/lib/libcharset.1.dylib
0x00007fff27109000 	/System/Library/Frameworks/CoreServices.framework/Versions/A/Frameworks/FSEvents.framework/Versions/A/FSEvents
0x00007fff2276a000 	/System/Library/Frameworks/CoreServices.framework/Versions/A/Frameworks/CarbonCore.framework/Versions/A/CarbonCore
0x00007fff26476000 	/System/Library/Frameworks/CoreServices.framework/Versions/A/Frameworks/Metadata.framework/Versions/A/Metadata
0x00007fff2a22f000 	/System/Library/Frameworks/CoreServices.framework/Versions/A/Frameworks/OSServices.framework/Versions/A/OSServices
0x00007fff2a6a7000 	/System/Library/Frameworks/CoreServices.framework/Versions/A/Frameworks/SearchKit.framework/Versions/A/SearchKit
0x00007fff261e6000 	/System/Library/Frameworks/CoreServices.framework/Versions/A/Frameworks/AE.framework/Versions/A/AE
0x00007fff2082e000 	/System/Library/Frameworks/CoreServices.framework/Versions/A/Frameworks/LaunchServices.framework/Versions/A/LaunchServices
0x00007fff2ab2e000 	/System/Library/Frameworks/CoreServices.framework/Versions/A/Frameworks/DictionaryServices.framework/Versions/A/DictionaryServices
0x00007fff27116000 	/System/Library/Frameworks/CoreServices.framework/Versions/A/Frameworks/SharedFileList.framework/Versions/A/SharedFileList
0x00007fff29c82000 	/usr/lib/libCheckFix.dylib
0x00007fff24b9b000 	/System/Library/PrivateFrameworks/TCC.framework/Versions/A/TCC
0x00007fff28f96000 	/System/Library/PrivateFrameworks/CoreNLP.framework/Versions/A/CoreNLP
0x00007fff26429000 	/System/Library/PrivateFrameworks/MetadataUtilities.framework/Versions/A/MetadataUtilities
0x00007fff20f07000 	/usr/lib/libmecabra.dylib
0x00007fff29f8c000 	/System/Library/Frameworks/MLCompute.framework/Versions/A/MLCompute
0x00007fff29cb7000 	/usr/lib/libmecab.dylib
0x00007fff29d01000 	/usr/lib/libgermantok.dylib
0x00007fff2a70f000 	/usr/lib/libThaiTokenizer.dylib
0x00007fff2acd1000 	/usr/lib/libChineseTokenizer.dylib
0x00007fff2a763000 	/System/Library/Frameworks/MetalPerformanceShaders.framework/Versions/A/MetalPerformanceShaders
0x00007fff26518000 	/System/Library/Frameworks/Accelerate.framework/Versions/A/Frameworks/vImage.framework/Versions/A/vImage
0x00007fff2fe67000 	/System/Library/Frameworks/Accelerate.framework/Versions/A/Frameworks/vecLib.framework/Versions/A/vecLib
0x00007fff2acdc000 	/System/Library/Frameworks/Accelerate.framework/Versions/A/Frameworks/vecLib.framework/Versions/A/libvMisc.dylib
0x00007fff296eb000 	/System/Library/Frameworks/Accelerate.framework/Versions/A/Frameworks/vecLib.framework/Versions/A/libvDSP.dylib
0x00007fff20b3a000 	/System/Library/Frameworks/Accelerate.framework/Versions/A/Frameworks/vecLib.framework/Versions/A/libBLAS.dylib
0x00007fff2a790000 	/System/Library/Frameworks/Accelerate.framework/Versions/A/Frameworks/vecLib.framework/Versions/A/libLAPACK.dylib
0x00007fff29d07000 	/System/Library/Frameworks/Accelerate.framework/Versions/A/Frameworks/vecLib.framework/Versions/A/libLinearAlgebra.dylib
0x00007fff2a74c000 	/System/Library/Frameworks/Accelerate.framework/Versions/A/Frameworks/vecLib.framework/Versions/A/libSparseBLAS.dylib
0x00007fff2a78a000 	/System/Library/Frameworks/Accelerate.framework/Versions/A/Frameworks/vecLib.framework/Versions/A/libQuadrature.dylib
0x00007fff29042000 	/System/Library/Frameworks/Accelerate.framework/Versions/A/Frameworks/vecLib.framework/Versions/A/libBNNS.dylib
0x00007fff20de5000 	/System/Library/Frameworks/Accelerate.framework/Versions/A/Frameworks/vecLib.framework/Versions/A/libSparse.dylib
0x00007fff28f1e000 	/System/Library/Frameworks/MetalPerformanceShaders.framework/Versions/A/Frameworks/MPSCore.framework/Versions/A/MPSCore
0x00007fff2a17c000 	/System/Library/Frameworks/MetalPerformanceShaders.framework/Versions/A/Frameworks/MPSImage.framework/Versions/A/MPSImage
0x00007fff29d1d000 	/System/Library/Frameworks/MetalPerformanceShaders.framework/Versions/A/Frameworks/MPSNeuralNetwork.framework/Versions/A/MPSNeuralNetwork
0x00007fff2a0ee000 	/System/Library/Frameworks/MetalPerformanceShaders.framework/Versions/A/Frameworks/MPSMatrix.framework/Versions/A/MPSMatrix
0x00007fff29f3c000 	/System/Library/Frameworks/MetalPerformanceShaders.framework/Versions/A/Frameworks/MPSRayIntersector.framework/Versions/A/MPSRayIntersector
0x00007fff2a125000 	/System/Library/Frameworks/MetalPerformanceShaders.framework/Versions/A/Frameworks/MPSNDArray.framework/Versions/A/MPSNDArray
0x00007fff20a65000 	/System/Library/PrivateFrameworks/MetalTools.framework/Versions/A/MetalTools
0x00007fff28f8e000 	/System/Library/PrivateFrameworks/AggregateDictionary.framework/Versions/A/AggregateDictionary
0x00007fff263f6000 	/System/Library/PrivateFrameworks/CoreAnalytics.framework/Versions/A/CoreAnalytics
0x00007fff2a711000 	/System/Library/PrivateFrameworks/AppleSauce.framework/Versions/A/AppleSauce
0x00007fff28294000 	/System/Library/PrivateFrameworks/IOAccelerator.framework/Versions/A/IOAccelerator
0x00007fff6b7f8000 	/System/Library/Frameworks/OpenGL.framework/Versions/A/Libraries/libCoreFSCache.dylib
0x00007fff2149f000 	/System/Library/PrivateFrameworks/LanguageModeling.framework/Versions/A/LanguageModeling
0x00007fff298be000 	/System/Library/PrivateFrameworks/CoreEmoji.framework/Versions/A/CoreEmoji
0x00007fff2903b000 	/System/Library/PrivateFrameworks/LinguisticData.framework/Versions/A/LinguisticData
0x00007fff20d97000 	/System/Library/PrivateFrameworks/Lexicon.framework/Versions/A/Lexicon
0x00007fff2a623000 	/usr/lib/libcmph.dylib
0x00007fff270e9000 	/System/Library/Frameworks/OpenDirectory.framework/Versions/A/Frameworks/CFOpenDirectory.framework/Versions/A/CFOpenDirectory
0x00007fff270d9000 	/System/Library/Frameworks/OpenDirectory.framework/Versions/A/OpenDirectory
0x00007fff2ab99000 	/System/Library/PrivateFrameworks/APFS.framework/Versions/A/APFS
0x00007fff29be4000 	/System/Library/Frameworks/SecurityFoundation.framework/Versions/A/SecurityFoundation
0x00007fff2aca4000 	/usr/lib/libutil.dylib
0x00007fff22a95000 	/System/Library/PrivateFrameworks/CoreServicesStore.framework/Versions/A/CoreServicesStore
0x00007fff29c7a000 	/System/Library/Frameworks/ServiceManagement.framework/Versions/A/ServiceManagement
0x00007fff2aca8000 	/usr/lib/libxslt.1.dylib
0x00007fff29c70000 	/System/Library/PrivateFrameworks/BackgroundTaskManagement.framework/Versions/A/BackgroundTaskManagement
0x00007fff2bc5c000 	/System/Library/Frameworks/ImageIO.framework/Versions/A/Resources/libRadiance.dylib
0x00007fff2bc66000 	/System/Library/Frameworks/ImageIO.framework/Versions/A/Resources/libJPEG.dylib
0x00007fff2bbb6000 	/System/Library/Frameworks/ImageIO.framework/Versions/A/Resources/libPng.dylib
0x00007fff2bbd7000 	/System/Library/Frameworks/ImageIO.framework/Versions/A/Resources/libTIFF.dylib
0x00007fff2bcbb000 	/System/Library/Frameworks/ImageIO.framework/Versions/A/Resources/libGIF.dylib
0x00007fff2b908000 	/System/Library/Frameworks/ImageIO.framework/Versions/A/Resources/libJP2.dylib
0x00007fff2b023000 	/usr/lib/libexpat.1.dylib
0x00007fff2b8be000 	/System/Library/PrivateFrameworks/AppleJPEG.framework/Versions/A/AppleJPEG
0x00007fff284ca000 	/System/Library/PrivateFrameworks/FontServices.framework/libFontParser.dylib
0x00007fff2619d000 	/System/Library/PrivateFrameworks/RunningBoardServices.framework/Versions/A/RunningBoardServices
0x00007fff2b9e8000 	/System/Library/PrivateFrameworks/WatchdogClient.framework/Versions/A/WatchdogClient
0x00007fff21588000 	/System/Library/Frameworks/CoreDisplay.framework/Versions/A/CoreDisplay
0x00007fff283df000 	/System/Library/Frameworks/CoreMedia.framework/Versions/A/CoreMedia
0x00007fff27269000 	/System/Library/Frameworks/CoreVideo.framework/Versions/A/CoreVideo
0x00007fff2ba23000 	/System/Library/Frameworks/VideoToolbox.framework/Versions/A/VideoToolbox
0x00007fff2611d000 	/System/Library/PrivateFrameworks/BaseBoard.framework/Versions/A/BaseBoard
0x00007fff2b168000 	/System/Library/PrivateFrameworks/PersistentConnection.framework/Versions/A/PersistentConnection
0x00007fff25ebe000 	/System/Library/PrivateFrameworks/ProtocolBuffer.framework/Versions/A/ProtocolBuffer
0x00007fff26105000 	/System/Library/PrivateFrameworks/CommonUtilities.framework/Versions/A/CommonUtilities
0x00007fff2b881000 	/System/Library/PrivateFrameworks/Bom.framework/Versions/A/Bom
0x00007fff2bc54000 	/System/Library/PrivateFrameworks/GPUWrangler.framework/Versions/A/GPUWrangler
0x00007fff2bc37000 	/System/Library/PrivateFrameworks/IOPresentment.framework/Versions/A/IOPresentment
0x00007fff2bc60000 	/System/Library/PrivateFrameworks/DSExternalDisplay.framework/Versions/A/DSExternalDisplay
0x00007fff2bcc0000 	/System/Library/PrivateFrameworks/CMCaptureCore.framework/Versions/A/CMCaptureCore
0x00007fff2b604000 	/System/Library/PrivateFrameworks/AppServerSupport.framework/Versions/A/AppServerSupport
0x00007fff2d69b000 	/System/Library/PrivateFrameworks/perfdata.framework/Versions/A/perfdata
0x00007fff29bd3000 	/System/Library/PrivateFrameworks/AssertionServices.framework/Versions/A/AssertionServices
0x00007fff216bf000 	/System/Library/PrivateFrameworks/AudioToolboxCore.framework/Versions/A/AudioToolboxCore
0x00007fff283c2000 	/System/Library/PrivateFrameworks/caulk.framework/Versions/A/caulk
0x00007fff3cb42000 	/System/Library/PrivateFrameworks/SystemPolicy.framework/Versions/A/SystemPolicy
0x00007fff2ae32000 	/usr/lib/libIOReport.dylib
0x00007fff2ced7000 	/usr/lib/libSMC.dylib
0x00007fff2bb82000 	/usr/lib/libAudioToolboxUtility.dylib
0x00007fff3d49f000 	/usr/lib/libmis.dylib
0x00007fff6b854000 	/System/Library/Frameworks/OpenGL.framework/Versions/A/Libraries/libGLU.dylib
0x00007fff6b817000 	/System/Library/Frameworks/OpenGL.framework/Versions/A/Libraries/libGFXShared.dylib
0x00007fff6ba25000 	/System/Library/Frameworks/OpenGL.framework/Versions/A/Libraries/libGL.dylib
0x00007fff6b820000 	/System/Library/Frameworks/OpenGL.framework/Versions/A/Libraries/libGLImage.dylib
0x00007fff6b814000 	/System/Library/Frameworks/OpenGL.framework/Versions/A/Libraries/libCVMSPluginSupport.dylib
0x00007fff6b7ff000 	/System/Library/Frameworks/OpenGL.framework/Versions/A/Libraries/libCoreVMClient.dylib
0x00007fff6ce6f000 	/System/Library/Frameworks/OpenCL.framework/Versions/A/OpenCL
0x00007fff2b191000 	/System/Library/PrivateFrameworks/GraphVisualizer.framework/Versions/A/GraphVisualizer
0x00007fff2b1a0000 	/System/Library/PrivateFrameworks/FaceCore.framework/Versions/A/FaceCore
0x00007fff2b5bc000 	/System/Library/PrivateFrameworks/OTSVG.framework/Versions/A/OTSVG
0x00007fff26e5e000 	/System/Library/Frameworks/ApplicationServices.framework/Versions/A/Frameworks/ATS.framework/Versions/A/Resources/libFontRegistry.dylib
0x00007fff2b60b000 	/System/Library/PrivateFrameworks/FontServices.framework/libhvf.dylib
0x00007fff2afcf000 	/System/Library/PrivateFrameworks/AppleVA.framework/Versions/A/AppleVA
0x00007fff2cd1f000 	/System/Library/Frameworks/ApplicationServices.framework/Versions/A/Frameworks/ATS.framework/Versions/A/ATS
0x00007fff2d032000 	/System/Library/Frameworks/ApplicationServices.framework/Versions/A/Frameworks/ColorSyncLegacy.framework/Versions/A/ColorSyncLegacy
0x00007fff2569c000 	/System/Library/Frameworks/ApplicationServices.framework/Versions/A/Frameworks/HIServices.framework/Versions/A/HIServices
0x00007fff2d017000 	/System/Library/Frameworks/ApplicationServices.framework/Versions/A/Frameworks/LangAnalysis.framework/Versions/A/LangAnalysis
0x00007fff2bcca000 	/System/Library/Frameworks/ApplicationServices.framework/Versions/A/Frameworks/PrintCore.framework/Versions/A/PrintCore
0x00007fff2d03a000 	/System/Library/Frameworks/ApplicationServices.framework/Versions/A/Frameworks/QD.framework/Versions/A/QD
0x00007fff2cd0f000 	/System/Library/Frameworks/ApplicationServices.framework/Versions/A/Frameworks/SpeechSynthesis.framework/Versions/A/SpeechSynthesis
0x00007fff2bc8b000 	/System/Library/Frameworks/ApplicationServices.framework/Versions/A/Frameworks/ATSUI.framework/Versions/A/ATSUI
0x00007fff2cfb7000 	/usr/lib/libcups.2.dylib
0x00007fff2d027000 	/System/Library/PrivateFrameworks/NetAuth.framework/Versions/A/NetAuth
0x00007fff2d6b6000 	/System/Library/Frameworks/Kerberos.framework/Versions/A/Kerberos
0x00007fff2d6c6000 	/System/Library/Frameworks/GSS.framework/Versions/A/GSS
0x00007fff2cd8c000 	/usr/lib/libresolv.9.dylib
0x00007fff2b621000 	/System/Library/PrivateFrameworks/Heimdal.framework/Versions/A/Heimdal
0x00007fff3337d000 	/System/Library/Frameworks/Kerberos.framework/Versions/A/Libraries/libHeimdalProxy.dylib
0x00007fff2626a000 	/System/Library/Frameworks/Network.framework/Versions/A/Network
0x00007fff2b03d000 	/usr/lib/libheimdal-asn1.dylib
0x00007fff2d717000 	/System/Library/PrivateFrameworks/CommonAuth.framework/Versions/A/CommonAuth
0x00007fff272b7000 	/System/Library/PrivateFrameworks/login.framework/Versions/A/Frameworks/loginsupport.framework/Versions/A/loginsupport
0x00007fff2cc96000 	/System/Library/PrivateFrameworks/AudioSession.framework/Versions/A/AudioSession
0x00007fff2ccfc000 	/usr/lib/libAudioStatistics.dylib
0x00007fff2b0c9000 	/System/Library/PrivateFrameworks/MediaExperience.framework/Versions/A/MediaExperience
0x00007fff2cb2f000 	/System/Library/PrivateFrameworks/AudioSession.framework/libSessionUtility.dylib
0x00007fff2d6a7000 	/usr/lib/libperfcheck.dylib
0x00007fff2d046000 	/System/Library/PrivateFrameworks/AudioResourceArbitration.framework/Versions/A/AudioResourceArbitration
0x00007fff2b047000 	/System/Library/PrivateFrameworks/IconFoundation.framework/Versions/A/IconFoundation
0x00007fff2fb4a000 	/System/Library/PrivateFrameworks/SpeechRecognitionCore.framework/Versions/A/SpeechRecognitionCore
0x000000010b000000 	/Applications/Eclipse.app/Contents/Eclipse/plugins/org.eclipse.justj.openjdk.hotspot.jre.full.macosx.x86_64_17.0.3.v20220515-1416/jre/lib/server/libjvm.dylib
0x0000000108f21000 	/Applications/Eclipse.app/Contents/Eclipse/plugins/org.eclipse.justj.openjdk.hotspot.jre.full.macosx.x86_64_17.0.3.v20220515-1416/jre/lib/libjimage.dylib
0x0000000108f2d000 	/Applications/Eclipse.app/Contents/Eclipse/plugins/org.eclipse.justj.openjdk.hotspot.jre.full.macosx.x86_64_17.0.3.v20220515-1416/jre/lib/libjdwp.dylib
0x0000000108f70000 	/Applications/Eclipse.app/Contents/Eclipse/plugins/org.eclipse.justj.openjdk.hotspot.jre.full.macosx.x86_64_17.0.3.v20220515-1416/jre/lib/libjava.dylib
0x0000000108f9b000 	/Applications/Eclipse.app/Contents/Eclipse/plugins/org.eclipse.justj.openjdk.hotspot.jre.full.macosx.x86_64_17.0.3.v20220515-1416/jre/lib/libinstrument.dylib
0x00000001165a3000 	/Applications/Eclipse.app/Contents/Eclipse/plugins/org.eclipse.justj.openjdk.hotspot.jre.full.macosx.x86_64_17.0.3.v20220515-1416/jre/lib/libzip.dylib
0x00000001165c2000 	/Applications/Eclipse.app/Contents/Eclipse/plugins/org.eclipse.justj.openjdk.hotspot.jre.full.macosx.x86_64_17.0.3.v20220515-1416/jre/lib/libnio.dylib
0x00000001165d7000 	/Applications/Eclipse.app/Contents/Eclipse/plugins/org.eclipse.justj.openjdk.hotspot.jre.full.macosx.x86_64_17.0.3.v20220515-1416/jre/lib/libnet.dylib
0x00000001165f1000 	/Applications/Eclipse.app/Contents/Eclipse/plugins/org.eclipse.justj.openjdk.hotspot.jre.full.macosx.x86_64_17.0.3.v20220515-1416/jre/lib/libdt_socket.dylib
0x00000001165fd000 	/Applications/Eclipse.app/Contents/Eclipse/plugins/org.eclipse.justj.openjdk.hotspot.jre.full.macosx.x86_64_17.0.3.v20220515-1416/jre/lib/libverify.dylib
0x000000011660f000 	/Users/anissa/Libraries/javafx-sdk-18.0.2/lib/libprism_es2.dylib
0x00007fff22a56000 	/System/Library/PrivateFrameworks/CoreServicesInternal.framework/Versions/A/CoreServicesInternal
0x00007fff6ba30000 	/System/Library/Frameworks/OpenGL.framework/Versions/A/Resources/GLEngine.bundle/GLEngine
0x00007fff6b891000 	/System/Library/Frameworks/OpenGL.framework/Versions/A/Libraries/libGLProgrammability.dylib
0x00007fff5ec14000 	/System/Library/Extensions/AppleIntelKBLGraphicsGLDriver.bundle/Contents/MacOS/AppleIntelKBLGraphicsGLDriver
0x00007fff46259000 	/System/Library/PrivateFrameworks/GPUSupport.framework/Versions/A/Libraries/libGPUSupportMercury.dylib
0x00007fff6bbae000 	/System/Library/Frameworks/OpenGL.framework/Versions/A/Resources/GLRendererFloat.bundle/GLRendererFloat
0x0000000117ae0000 	/Users/anissa/Libraries/javafx-sdk-18.0.2/lib/libglass.dylib
0x00007fff30ed1000 	/System/Library/Frameworks/FileProvider.framework/Versions/A/FileProvider
0x00007fff26088000 	/System/Library/Frameworks/Accounts.framework/Versions/A/Accounts
0x00007fff31021000 	/System/Library/PrivateFrameworks/GenerationalStorage.framework/Versions/A/GenerationalStorage
0x00007fff319bb000 	/System/Library/PrivateFrameworks/CoreSymbolication.framework/Versions/A/CoreSymbolication
0x00007fff308f1000 	/System/Library/PrivateFrameworks/SymptomDiagnosticReporter.framework/Versions/A/SymptomDiagnosticReporter
0x00007fff23b87000 	/System/Library/PrivateFrameworks/DesktopServicesPriv.framework/Versions/A/DesktopServicesPriv
0x00007fff22b8b000 	/usr/lib/libsandbox.1.dylib
0x00007fff272e2000 	/System/Library/PrivateFrameworks/UserManagement.framework/Versions/A/UserManagement
0x00007fff29bb0000 	/System/Library/PrivateFrameworks/MobileKeyBag.framework/Versions/A/MobileKeyBag
0x00007fff34400000 	/System/Library/PrivateFrameworks/ChunkingLibrary.framework/Versions/A/ChunkingLibrary
0x00007fff3197f000 	/System/Library/PrivateFrameworks/DebugSymbols.framework/Versions/A/DebugSymbols
0x00007fff2e0da000 	/System/Library/PrivateFrameworks/Sharing.framework/Versions/A/Sharing
0x00007fff3297f000 	/System/Library/PrivateFrameworks/Apple80211.framework/Versions/A/Apple80211
0x00007fff2a25d000 	/System/Library/PrivateFrameworks/AuthKit.framework/Versions/A/AuthKit
0x00007fff299ae000 	/System/Library/PrivateFrameworks/CoreUtils.framework/Versions/A/CoreUtils
0x00007fff298db000 	/System/Library/Frameworks/CoreWLAN.framework/Versions/A/CoreWLAN
0x00007fff2e226000 	/System/Library/Frameworks/IOBluetooth.framework/Versions/A/IOBluetooth
0x00007fff329e3000 	/System/Library/PrivateFrameworks/CoreWiFi.framework/Versions/A/CoreWiFi
0x00007fff2d79d000 	/System/Library/PrivateFrameworks/CorePhoneNumbers.framework/Versions/A/CorePhoneNumbers
0x00007fff309f8000 	/System/Library/PrivateFrameworks/DiskManagement.framework/Versions/A/DiskManagement
0x00007fff3090e000 	/System/Library/PrivateFrameworks/AppleIDAuthSupport.framework/Versions/A/AppleIDAuthSupport
0x00007fff2d77d000 	/System/Library/PrivateFrameworks/KeychainCircle.framework/Versions/A/KeychainCircle
0x00007fff309c4000 	/System/Library/PrivateFrameworks/MediaKit.framework/Versions/A/MediaKit
0x00007fff3091b000 	/System/Library/Frameworks/DiscRecording.framework/Versions/A/DiscRecording
0x00007fff2af43000 	/usr/lib/libCoreStorage.dylib
0x00007fff32e1e000 	/usr/lib/libcsfde.dylib
0x00007fff2e361000 	/System/Library/PrivateFrameworks/ProtectedCloudStorage.framework/Versions/A/ProtectedCloudStorage
0x00007fff32e16000 	/System/Library/PrivateFrameworks/EFILogin.framework/Versions/A/EFILogin
0x00007fff33430000 	/System/Library/Frameworks/AudioUnit.framework/Versions/A/AudioUnit
0x00007fff3088b000 	/System/Library/Frameworks/CoreBluetooth.framework/Versions/A/CoreBluetooth
0x00007fff2af3b000 	/usr/lib/libMatch.1.dylib
0x000000012a068000 	/usr/lib/libobjc-trampolines.dylib
0x00007fff41166000 	/System/Library/Frameworks/Accelerate.framework/Versions/A/Frameworks/vImage.framework/Versions/A/Libraries/libCGInterfaces.dylib
0x00007fff26fe1000 	/System/Library/PrivateFrameworks/ViewBridge.framework/Versions/A/ViewBridge
0x000000012dd43000 	/Users/anissa/Libraries/javafx-sdk-18.0.2/lib/libjavafx_font.dylib
0x00007fff2b6e2000 	/System/Library/PrivateFrameworks/login.framework/Versions/A/login
0x00007fff7745b000 	/usr/lib/libRosetta.dylib


VM Arguments:
jvm_args: -XX:+ShowCodeDetailsInExceptionMessages -agentlib:jdwp=transport=dt_socket,suspend=y,address=localhost:53281 --module-path=~/Libraries/javafx-sdk-18.0.2/ --add-modules=javafx.controls,javafx.fxml -javaagent:/Applications/Eclipse.app/Contents/Eclipse/configuration/org.eclipse.osgi/399/0/.cp/lib/javaagent-shaded.jar -Dfile.encoding=UTF-8 --module-path=/Users/anissa/Libraries/javafx-sdk-18.0.2/lib/javafx-swt.jar:/Users/anissa/Libraries/javafx-sdk-18.0.2/lib/javafx.base.jar:/Users/anissa/Libraries/javafx-sdk-18.0.2/lib/javafx.controls.jar:/Users/anissa/Libraries/javafx-sdk-18.0.2/lib/javafx.fxml.jar:/Users/anissa/Libraries/javafx-sdk-18.0.2/lib/javafx.graphics.jar:/Users/anissa/Libraries/javafx-sdk-18.0.2/lib/javafx.media.jar:/Users/anissa/Libraries/javafx-sdk-18.0.2/lib/javafx.swing.jar:/Users/anissa/Libraries/javafx-sdk-18.0.2/lib/javafx.web.jar:/Applications/Eclipse.app/Contents/Eclipse/plugins/org.eclipse.fx.ide.css.jfx8_3.8.0.202204150904.jar 
java_command: App cellophane
java_class_path (initial): /Users/anissa/eclipse-workspaces/text-edit/TextEditor/bin:/Applications/Eclipse.app/Contents/Eclipse/plugins/org.junit.jupiter.api_5.8.1.v20211018-1956.jar:/Applications/Eclipse.app/Contents/Eclipse/plugins/org.junit.jupiter.engine_5.8.1.v20211018-1956.jar:/Applications/Eclipse.app/Contents/Eclipse/plugins/org.junit.jupiter.migrationsupport_5.8.1.v20211018-1956.jar:/Applications/Eclipse.app/Contents/Eclipse/plugins/org.junit.jupiter.params_5.8.1.v20211018-1956.jar:/Applications/Eclipse.app/Contents/Eclipse/plugins/org.junit.platform.commons_1.8.1.v20211018-1956.jar:/Applications/Eclipse.app/Contents/Eclipse/plugins/org.junit.platform.engine_1.8.1.v20211018-1956.jar:/Applications/Eclipse.app/Contents/Eclipse/plugins/org.junit.platform.launcher_1.8.1.v20211018-1956.jar:/Applications/Eclipse.app/Contents/Eclipse/plugins/org.junit.platform.runner_1.8.1.v20211018-1956.jar:/Applications/Eclipse.app/Contents/Eclipse/plugins/org.junit.platform.suite.api_1.8.1.v20211018-1956.jar:/Applications/Eclipse.app/Contents/Eclipse/plugins/org.junit.platform.suite.engine_1.8.1.v20211028-1957.jar:/Applications/Eclipse.app/Contents/Eclipse/plugins/org.junit.platform.suite.commons_1.8.1.v20211018-1956.jar:/Applications/Eclipse.app/Contents/Eclipse/plugins/org.junit.vintage.engine_5.8.1.v20211018-1956.jar:/Applications/Eclipse.app/Contents/Eclipse/plugins/org.opentest4j_1.2.0.v20211018-1956.jar:/Applications/Eclipse.app/Contents/Eclipse/plugins/org.apiguardian_1.1.2.v20211018-1956.jar:/Applications/Eclipse.app/Contents/Eclipse/plugins/org.junit_4.13.2.v20211018-1956.jar:/Applications/Eclipse.app/Contents/Eclipse/plugins/org.hamcrest.core_1.3.0.v20180420-1519.jar
Launcher Type: SUN_STANDARD

[Global flags]
     intx CICompilerCount                          = 3                                         {product} {ergonomic}
     uint ConcGCThreads                            = 1                                         {product} {ergonomic}
     uint G1ConcRefinementThreads                  = 4                                         {product} {ergonomic}
   size_t G1HeapRegionSize                         = 1048576                                   {product} {ergonomic}
    uintx GCDrainStackTargetSize                   = 64                                        {product} {ergonomic}
   size_t InitialHeapSize                          = 134217728                                 {product} {ergonomic}
   size_t MarkStackSize                            = 4194304                                   {product} {ergonomic}
   size_t MaxHeapSize                              = 2147483648                                {product} {ergonomic}
   size_t MaxNewSize                               = 1287651328                                {product} {ergonomic}
   size_t MinHeapDeltaBytes                        = 1048576                                   {product} {ergonomic}
   size_t MinHeapSize                              = 8388608                                   {product} {ergonomic}
    uintx NonNMethodCodeHeapSize                   = 5832780                                {pd product} {ergonomic}
    uintx NonProfiledCodeHeapSize                  = 122912730                              {pd product} {ergonomic}
    uintx ProfiledCodeHeapSize                     = 122912730                              {pd product} {ergonomic}
    uintx ReservedCodeCacheSize                    = 251658240                              {pd product} {ergonomic}
     bool SegmentedCodeCache                       = true                                      {product} {ergonomic}
     bool ShowCodeDetailsInExceptionMessages       = true                                   {manageable} {command line}
   size_t SoftMaxHeapSize                          = 2147483648                             {manageable} {ergonomic}
     bool UseCompressedClassPointers               = true                           {product lp64_product} {ergonomic}
     bool UseCompressedOops                        = true                           {product lp64_product} {ergonomic}
     bool UseG1GC                                  = true                                      {product} {ergonomic}
     bool UseNUMA                                  = false                                     {product} {ergonomic}
     bool UseNUMAInterleaving                      = false                                     {product} {ergonomic}

Logging:
Log output configuration:
 #0: stdout all=warning uptime,level,tags
 #1: stderr all=off uptime,level,tags

Environment Variables:
PATH=/usr/bin:/bin:/usr/sbin:/sbin
SHELL=/bin/bash

Signal Handlers:
   SIGSEGV: _ZL13crash_handleriP9__siginfoPv in libjvm.dylib, mask=11100110000111110111111111111111, flags=SA_RESTART|SA_SIGINFO
    SIGBUS: _ZL13crash_handleriP9__siginfoPv in libjvm.dylib, mask=11100110000111110111111111111111, flags=SA_RESTART|SA_SIGINFO
    SIGFPE: _ZL13crash_handleriP9__siginfoPv in libjvm.dylib, mask=11100110000111110111111111111111, flags=SA_RESTART|SA_SIGINFO
   SIGPIPE: _ZL17javaSignalHandleriP9__siginfoPv in libjvm.dylib, mask=11100110000111110111111111111111, flags=SA_RESTART|SA_SIGINFO
   SIGXFSZ: _ZL17javaSignalHandleriP9__siginfoPv in libjvm.dylib, mask=11100110000111110111111111111111, flags=SA_RESTART|SA_SIGINFO
    SIGILL: _ZL13crash_handleriP9__siginfoPv in libjvm.dylib, mask=11100110000111110111111111111111, flags=SA_RESTART|SA_SIGINFO
   SIGUSR2: _ZL10SR_handleriP9__siginfoP17__darwin_ucontext in libjvm.dylib, mask=00100000000000000000000000000000, flags=SA_RESTART|SA_SIGINFO
    SIGHUP: _ZL11UserHandleriPvS_ in libjvm.dylib, mask=11100110000111110111111111111111, flags=SA_RESTART|SA_SIGINFO
    SIGINT: _ZL11UserHandleriPvS_ in libjvm.dylib, mask=11100110000111110111111111111111, flags=SA_RESTART|SA_SIGINFO
   SIGTERM: _ZL11UserHandleriPvS_ in libjvm.dylib, mask=11100110000111110111111111111111, flags=SA_RESTART|SA_SIGINFO
   SIGQUIT: _ZL11UserHandleriPvS_ in libjvm.dylib, mask=11100110000111110111111111111111, flags=SA_RESTART|SA_SIGINFO
  *** Handler was modified!
  *** Expected: _ZL17javaSignalHandleriP9__siginfoPv in libjvm.dylib, mask=11100110100111111111111111111111, flags=SA_RESTART|SA_SIGINFO
   SIGTRAP: _ZL13crash_handleriP9__siginfoPv in libjvm.dylib, mask=11100110000111110111111111111111, flags=SA_RESTART|SA_SIGINFO


---------------  S Y S T E M  ---------------

OS:
uname: Darwin 20.6.0 Darwin Kernel Version 20.6.0: Tue Apr 19 21:04:45 PDT 2022; root:xnu-7195.141.29~1/RELEASE_X86_64 x86_64
OS uptime: 1 days 21:28 hours
rlimit (soft/hard): STACK 8192k/65532k , CORE 0k/infinity , NPROC 1392/2088 , NOFILE 10240/infinity , AS infinity/infinity , CPU infinity/infinity , DATA infinity/infinity , FSIZE infinity/infinity , MEMLOCK infinity/infinity , RSS infinity/infinity
load average: 3.72 6.27 6.70

CPU: total 4 (initial active 4) (2 cores per cpu, 2 threads per core) family 6 model 142 stepping 9 microcode 0xf0, cx8, cmov, fxsr, ht, mmx, 3dnowpref, sse, sse2, sse3, ssse3, sse4.1, sse4.2, popcnt, lzcnt, tsc, tscinvbit, avx, avx2, aes, erms, clmul, bmi1, bmi2, adx, fma, vzeroupper, clflush, clflushopt

Memory: 4k page, physical 8388608k(35228k free), swap 2097152k(1224192k free)

vm_info: OpenJDK 64-Bit Server VM (17.0.3+7) for bsd-amd64 JRE (17.0.3+7), built on Apr 19 2022 22:49:40 by "jenkins" with clang 4.2.1 Compatible Apple LLVM 10.0.1 (clang-1001.0.46.4)

END.
